{"numFailedTestSuites":1,"numFailedTests":13,"numPassedTestSuites":0,"numPassedTests":0,"numPendingTestSuites":0,"numPendingTests":0,"numRuntimeErrorTestSuites":0,"numTodoTests":0,"numTotalTestSuites":1,"numTotalTests":13,"openHandles":[],"snapshot":{"added":0,"didUpdate":false,"failure":false,"filesAdded":0,"filesRemoved":0,"filesRemovedList":[],"filesUnmatched":0,"filesUpdated":0,"matched":0,"total":0,"unchecked":0,"uncheckedKeysByFile":[],"unmatched":0,"updated":0},"startTime":1578247848476,"success":false,"testResults":[{"assertionResults":[{"ancestorTitles":["<Pagination />"],"failureMessages":["Error: Noop: Too many arguments passed. Received 1 but can receive no more than 0\n    at builder (C:\\projects\\molecule-pagination-hoc\\node_modules\\@babel\\types\\lib\\builders\\builder.js:21:11)\n    at render (C:\\projects\\molecule-pagination-hoc\\node_modules\\@babel\\types\\lib\\builders\\generated\\index.js:858:31)\n    at Pagination (C:\\projects\\molecule-pagination-hoc\\lib\\components\\molecules\\Pagination\\Pagination.js:46:6)\n    at processChild (C:\\projects\\molecule-pagination-hoc\\node_modules\\react-dom\\cjs\\react-dom-server.node.development.js:3204:14)\n    at resolve (C:\\projects\\molecule-pagination-hoc\\node_modules\\react-dom\\cjs\\react-dom-server.node.development.js:3124:5)\n    at ReactDOMServerRenderer.render (C:\\projects\\molecule-pagination-hoc\\node_modules\\react-dom\\cjs\\react-dom-server.node.development.js:3598:22)\n    at ReactDOMServerRenderer.read (C:\\projects\\molecule-pagination-hoc\\node_modules\\react-dom\\cjs\\react-dom-server.node.development.js:3536:29)\n    at Object.renderToStaticMarkup (C:\\projects\\molecule-pagination-hoc\\node_modules\\react-dom\\cjs\\react-dom-server.node.development.js:4261:27)\n    at Object.render (C:\\projects\\molecule-pagination-hoc\\node_modules\\enzyme-adapter-react-16\\src\\ReactSixteenAdapter.js:751:31)\n    at ShallowWrapper.call (C:\\projects\\molecule-pagination-hoc\\node_modules\\enzyme\\src\\ShallowWrapper.js:1108:23)\n    at ShallowWrapper.single (C:\\projects\\molecule-pagination-hoc\\node_modules\\enzyme\\src\\ShallowWrapper.js:1654:21)\n    at ShallowWrapper.html (C:\\projects\\molecule-pagination-hoc\\node_modules\\enzyme\\src\\ShallowWrapper.js:1104:17)\n    at Object.<anonymous> (C:\\projects\\molecule-pagination-hoc\\lib\\components\\molecules\\Pagination\\tests\\Pagination.test.js:17:32)\n    at Object.asyncJestTest (C:\\projects\\molecule-pagination-hoc\\node_modules\\jest-jasmine2\\build\\jasmineAsyncInstall.js:102:37)\n    at C:\\projects\\molecule-pagination-hoc\\node_modules\\jest-jasmine2\\build\\queueRunner.js:43:12\n    at new Promise (<anonymous>)\n    at mapper (C:\\projects\\molecule-pagination-hoc\\node_modules\\jest-jasmine2\\build\\queueRunner.js:26:19)\n    at C:\\projects\\molecule-pagination-hoc\\node_modules\\jest-jasmine2\\build\\queueRunner.js:73:41\n    at processTicksAndRejections (internal/process/task_queues.js:93:5)"],"fullName":"<Pagination /> should take inherited styles","location":null,"status":"failed","title":"should take inherited styles"},{"ancestorTitles":["<Pagination />"],"failureMessages":["Error: \u001b[2mexpect(\u001b[22m\u001b[31mreceived\u001b[39m\u001b[2m).\u001b[22mtoEqual\u001b[2m(\u001b[22m\u001b[32mexpected\u001b[39m\u001b[2m) // deep equality\u001b[22m\n\nExpected: \u001b[32m0\u001b[39m\nReceived: \u001b[31m1\u001b[39m\n    at Object.alwaysFalse (C:\\projects\\molecule-pagination-hoc\\lib\\components\\molecules\\Pagination\\tests\\Pagination.test.js:9:38)\n    at Object.asyncJestTest (C:\\projects\\molecule-pagination-hoc\\node_modules\\jest-jasmine2\\build\\jasmineAsyncInstall.js:102:37)\n    at C:\\projects\\molecule-pagination-hoc\\node_modules\\jest-jasmine2\\build\\queueRunner.js:43:12\n    at new Promise (<anonymous>)\n    at mapper (C:\\projects\\molecule-pagination-hoc\\node_modules\\jest-jasmine2\\build\\queueRunner.js:26:19)\n    at C:\\projects\\molecule-pagination-hoc\\node_modules\\jest-jasmine2\\build\\queueRunner.js:73:41\n    at processTicksAndRejections (internal/process/task_queues.js:93:5)"],"fullName":"<Pagination /> should accept an array","location":null,"status":"failed","title":"should accept an array"},{"ancestorTitles":["<Pagination />"],"failureMessages":["Error: \u001b[2mexpect(\u001b[22m\u001b[31mreceived\u001b[39m\u001b[2m).\u001b[22mtoEqual\u001b[2m(\u001b[22m\u001b[32mexpected\u001b[39m\u001b[2m) // deep equality\u001b[22m\n\nExpected: \u001b[32m0\u001b[39m\nReceived: \u001b[31m1\u001b[39m\n    at Object.alwaysFalse (C:\\projects\\molecule-pagination-hoc\\lib\\components\\molecules\\Pagination\\tests\\Pagination.test.js:9:38)\n    at Object.asyncJestTest (C:\\projects\\molecule-pagination-hoc\\node_modules\\jest-jasmine2\\build\\jasmineAsyncInstall.js:102:37)\n    at C:\\projects\\molecule-pagination-hoc\\node_modules\\jest-jasmine2\\build\\queueRunner.js:43:12\n    at new Promise (<anonymous>)\n    at mapper (C:\\projects\\molecule-pagination-hoc\\node_modules\\jest-jasmine2\\build\\queueRunner.js:26:19)\n    at C:\\projects\\molecule-pagination-hoc\\node_modules\\jest-jasmine2\\build\\queueRunner.js:73:41\n    at processTicksAndRejections (internal/process/task_queues.js:93:5)"],"fullName":"<Pagination /> should not show any buttons if page size is 1","location":null,"status":"failed","title":"should not show any buttons if page size is 1"},{"ancestorTitles":["<Pagination />"],"failureMessages":["Error: \u001b[2mexpect(\u001b[22m\u001b[31mreceived\u001b[39m\u001b[2m).\u001b[22mtoEqual\u001b[2m(\u001b[22m\u001b[32mexpected\u001b[39m\u001b[2m) // deep equality\u001b[22m\n\nExpected: \u001b[32m0\u001b[39m\nReceived: \u001b[31m1\u001b[39m\n    at Object.alwaysFalse (C:\\projects\\molecule-pagination-hoc\\lib\\components\\molecules\\Pagination\\tests\\Pagination.test.js:9:38)\n    at Object.asyncJestTest (C:\\projects\\molecule-pagination-hoc\\node_modules\\jest-jasmine2\\build\\jasmineAsyncInstall.js:102:37)\n    at C:\\projects\\molecule-pagination-hoc\\node_modules\\jest-jasmine2\\build\\queueRunner.js:43:12\n    at new Promise (<anonymous>)\n    at mapper (C:\\projects\\molecule-pagination-hoc\\node_modules\\jest-jasmine2\\build\\queueRunner.js:26:19)\n    at C:\\projects\\molecule-pagination-hoc\\node_modules\\jest-jasmine2\\build\\queueRunner.js:73:41\n    at processTicksAndRejections (internal/process/task_queues.js:93:5)"],"fullName":"<Pagination /> should show buttons when pages are more than 1","location":null,"status":"failed","title":"should show buttons when pages are more than 1"},{"ancestorTitles":["<Pagination />"],"failureMessages":["Error: \u001b[2mexpect(\u001b[22m\u001b[31mreceived\u001b[39m\u001b[2m).\u001b[22mtoEqual\u001b[2m(\u001b[22m\u001b[32mexpected\u001b[39m\u001b[2m) // deep equality\u001b[22m\n\nExpected: \u001b[32m0\u001b[39m\nReceived: \u001b[31m1\u001b[39m\n    at Object.alwaysFalse (C:\\projects\\molecule-pagination-hoc\\lib\\components\\molecules\\Pagination\\tests\\Pagination.test.js:9:38)\n    at Object.asyncJestTest (C:\\projects\\molecule-pagination-hoc\\node_modules\\jest-jasmine2\\build\\jasmineAsyncInstall.js:102:37)\n    at C:\\projects\\molecule-pagination-hoc\\node_modules\\jest-jasmine2\\build\\queueRunner.js:43:12\n    at new Promise (<anonymous>)\n    at mapper (C:\\projects\\molecule-pagination-hoc\\node_modules\\jest-jasmine2\\build\\queueRunner.js:26:19)\n    at C:\\projects\\molecule-pagination-hoc\\node_modules\\jest-jasmine2\\build\\queueRunner.js:73:41\n    at processTicksAndRejections (internal/process/task_queues.js:93:5)"],"fullName":"<Pagination /> should contain a next button","location":null,"status":"failed","title":"should contain a next button"},{"ancestorTitles":["<Pagination />"],"failureMessages":["Error: \u001b[2mexpect(\u001b[22m\u001b[31mreceived\u001b[39m\u001b[2m).\u001b[22mtoEqual\u001b[2m(\u001b[22m\u001b[32mexpected\u001b[39m\u001b[2m) // deep equality\u001b[22m\n\nExpected: \u001b[32m0\u001b[39m\nReceived: \u001b[31m1\u001b[39m\n    at Object.alwaysFalse (C:\\projects\\molecule-pagination-hoc\\lib\\components\\molecules\\Pagination\\tests\\Pagination.test.js:9:38)\n    at Object.asyncJestTest (C:\\projects\\molecule-pagination-hoc\\node_modules\\jest-jasmine2\\build\\jasmineAsyncInstall.js:102:37)\n    at C:\\projects\\molecule-pagination-hoc\\node_modules\\jest-jasmine2\\build\\queueRunner.js:43:12\n    at new Promise (<anonymous>)\n    at mapper (C:\\projects\\molecule-pagination-hoc\\node_modules\\jest-jasmine2\\build\\queueRunner.js:26:19)\n    at C:\\projects\\molecule-pagination-hoc\\node_modules\\jest-jasmine2\\build\\queueRunner.js:73:41\n    at processTicksAndRejections (internal/process/task_queues.js:93:5)"],"fullName":"<Pagination /> should contain a previous button","location":null,"status":"failed","title":"should contain a previous button"},{"ancestorTitles":["<Pagination />"],"failureMessages":["Error: \u001b[2mexpect(\u001b[22m\u001b[31mreceived\u001b[39m\u001b[2m).\u001b[22mtoEqual\u001b[2m(\u001b[22m\u001b[32mexpected\u001b[39m\u001b[2m) // deep equality\u001b[22m\n\nExpected: \u001b[32m0\u001b[39m\nReceived: \u001b[31m1\u001b[39m\n    at Object.alwaysFalse (C:\\projects\\molecule-pagination-hoc\\lib\\components\\molecules\\Pagination\\tests\\Pagination.test.js:9:38)\n    at Object.asyncJestTest (C:\\projects\\molecule-pagination-hoc\\node_modules\\jest-jasmine2\\build\\jasmineAsyncInstall.js:102:37)\n    at C:\\projects\\molecule-pagination-hoc\\node_modules\\jest-jasmine2\\build\\queueRunner.js:43:12\n    at new Promise (<anonymous>)\n    at mapper (C:\\projects\\molecule-pagination-hoc\\node_modules\\jest-jasmine2\\build\\queueRunner.js:26:19)\n    at C:\\projects\\molecule-pagination-hoc\\node_modules\\jest-jasmine2\\build\\queueRunner.js:73:41\n    at processTicksAndRejections (internal/process/task_queues.js:93:5)"],"fullName":"<Pagination /> should contain a Goto Last page button","location":null,"status":"failed","title":"should contain a Goto Last page button"},{"ancestorTitles":["<Pagination />"],"failureMessages":["Error: \u001b[2mexpect(\u001b[22m\u001b[31mreceived\u001b[39m\u001b[2m).\u001b[22mtoEqual\u001b[2m(\u001b[22m\u001b[32mexpected\u001b[39m\u001b[2m) // deep equality\u001b[22m\n\nExpected: \u001b[32m0\u001b[39m\nReceived: \u001b[31m1\u001b[39m\n    at Object.alwaysFalse (C:\\projects\\molecule-pagination-hoc\\lib\\components\\molecules\\Pagination\\tests\\Pagination.test.js:9:38)\n    at Object.asyncJestTest (C:\\projects\\molecule-pagination-hoc\\node_modules\\jest-jasmine2\\build\\jasmineAsyncInstall.js:102:37)\n    at C:\\projects\\molecule-pagination-hoc\\node_modules\\jest-jasmine2\\build\\queueRunner.js:43:12\n    at new Promise (<anonymous>)\n    at mapper (C:\\projects\\molecule-pagination-hoc\\node_modules\\jest-jasmine2\\build\\queueRunner.js:26:19)\n    at C:\\projects\\molecule-pagination-hoc\\node_modules\\jest-jasmine2\\build\\queueRunner.js:73:41\n    at processTicksAndRejections (internal/process/task_queues.js:93:5)"],"fullName":"<Pagination /> should contain a goto 1st page button","location":null,"status":"failed","title":"should contain a goto 1st page button"},{"ancestorTitles":["<Pagination />"],"failureMessages":["Error: \u001b[2mexpect(\u001b[22m\u001b[31mreceived\u001b[39m\u001b[2m).\u001b[22mtoEqual\u001b[2m(\u001b[22m\u001b[32mexpected\u001b[39m\u001b[2m) // deep equality\u001b[22m\n\nExpected: \u001b[32m0\u001b[39m\nReceived: \u001b[31m1\u001b[39m\n    at Object.alwaysFalse (C:\\projects\\molecule-pagination-hoc\\lib\\components\\molecules\\Pagination\\tests\\Pagination.test.js:9:38)\n    at Object.asyncJestTest (C:\\projects\\molecule-pagination-hoc\\node_modules\\jest-jasmine2\\build\\jasmineAsyncInstall.js:102:37)\n    at C:\\projects\\molecule-pagination-hoc\\node_modules\\jest-jasmine2\\build\\queueRunner.js:43:12\n    at new Promise (<anonymous>)\n    at mapper (C:\\projects\\molecule-pagination-hoc\\node_modules\\jest-jasmine2\\build\\queueRunner.js:26:19)\n    at C:\\projects\\molecule-pagination-hoc\\node_modules\\jest-jasmine2\\build\\queueRunner.js:73:41\n    at processTicksAndRejections (internal/process/task_queues.js:93:5)"],"fullName":"<Pagination /> should contain a max-pages property","location":null,"status":"failed","title":"should contain a max-pages property"},{"ancestorTitles":["<Pagination />"],"failureMessages":["Error: \u001b[2mexpect(\u001b[22m\u001b[31mreceived\u001b[39m\u001b[2m).\u001b[22mtoEqual\u001b[2m(\u001b[22m\u001b[32mexpected\u001b[39m\u001b[2m) // deep equality\u001b[22m\n\nExpected: \u001b[32m0\u001b[39m\nReceived: \u001b[31m1\u001b[39m\n    at Object.alwaysFalse (C:\\projects\\molecule-pagination-hoc\\lib\\components\\molecules\\Pagination\\tests\\Pagination.test.js:9:38)\n    at Object.asyncJestTest (C:\\projects\\molecule-pagination-hoc\\node_modules\\jest-jasmine2\\build\\jasmineAsyncInstall.js:102:37)\n    at C:\\projects\\molecule-pagination-hoc\\node_modules\\jest-jasmine2\\build\\queueRunner.js:43:12\n    at new Promise (<anonymous>)\n    at mapper (C:\\projects\\molecule-pagination-hoc\\node_modules\\jest-jasmine2\\build\\queueRunner.js:26:19)\n    at C:\\projects\\molecule-pagination-hoc\\node_modules\\jest-jasmine2\\build\\queueRunner.js:73:41\n    at processTicksAndRejections (internal/process/task_queues.js:93:5)"],"fullName":"<Pagination /> should contain a min-page propery","location":null,"status":"failed","title":"should contain a min-page propery"},{"ancestorTitles":["<Pagination />"],"failureMessages":["Error: \u001b[2mexpect(\u001b[22m\u001b[31mreceived\u001b[39m\u001b[2m).\u001b[22mtoEqual\u001b[2m(\u001b[22m\u001b[32mexpected\u001b[39m\u001b[2m) // deep equality\u001b[22m\n\nExpected: \u001b[32m0\u001b[39m\nReceived: \u001b[31m1\u001b[39m\n    at Object.alwaysFalse (C:\\projects\\molecule-pagination-hoc\\lib\\components\\molecules\\Pagination\\tests\\Pagination.test.js:9:38)\n    at Object.asyncJestTest (C:\\projects\\molecule-pagination-hoc\\node_modules\\jest-jasmine2\\build\\jasmineAsyncInstall.js:102:37)\n    at C:\\projects\\molecule-pagination-hoc\\node_modules\\jest-jasmine2\\build\\queueRunner.js:43:12\n    at new Promise (<anonymous>)\n    at mapper (C:\\projects\\molecule-pagination-hoc\\node_modules\\jest-jasmine2\\build\\queueRunner.js:26:19)\n    at C:\\projects\\molecule-pagination-hoc\\node_modules\\jest-jasmine2\\build\\queueRunner.js:73:41\n    at processTicksAndRejections (internal/process/task_queues.js:93:5)"],"fullName":"<Pagination /> goto first page button should be displayed if page size is more than 5","location":null,"status":"failed","title":"goto first page button should be displayed if page size is more than 5"},{"ancestorTitles":["<Pagination />"],"failureMessages":["Error: \u001b[2mexpect(\u001b[22m\u001b[31mreceived\u001b[39m\u001b[2m).\u001b[22mtoEqual\u001b[2m(\u001b[22m\u001b[32mexpected\u001b[39m\u001b[2m) // deep equality\u001b[22m\n\nExpected: \u001b[32m0\u001b[39m\nReceived: \u001b[31m1\u001b[39m\n    at Object.alwaysFalse (C:\\projects\\molecule-pagination-hoc\\lib\\components\\molecules\\Pagination\\tests\\Pagination.test.js:9:38)\n    at Object.asyncJestTest (C:\\projects\\molecule-pagination-hoc\\node_modules\\jest-jasmine2\\build\\jasmineAsyncInstall.js:102:37)\n    at C:\\projects\\molecule-pagination-hoc\\node_modules\\jest-jasmine2\\build\\queueRunner.js:43:12\n    at new Promise (<anonymous>)\n    at mapper (C:\\projects\\molecule-pagination-hoc\\node_modules\\jest-jasmine2\\build\\queueRunner.js:26:19)\n    at C:\\projects\\molecule-pagination-hoc\\node_modules\\jest-jasmine2\\build\\queueRunner.js:73:41\n    at processTicksAndRejections (internal/process/task_queues.js:93:5)"],"fullName":"<Pagination /> goto last page button should be displayed if page size is greater than max-pages","location":null,"status":"failed","title":"goto last page button should be displayed if page size is greater than max-pages"},{"ancestorTitles":["<Pagination />"],"failureMessages":["Error: \u001b[2mexpect(\u001b[22m\u001b[31mreceived\u001b[39m\u001b[2m).\u001b[22mtoEqual\u001b[2m(\u001b[22m\u001b[32mexpected\u001b[39m\u001b[2m) // deep equality\u001b[22m\n\nExpected: \u001b[32m0\u001b[39m\nReceived: \u001b[31m1\u001b[39m\n    at Object.alwaysFalse (C:\\projects\\molecule-pagination-hoc\\lib\\components\\molecules\\Pagination\\tests\\Pagination.test.js:9:38)\n    at Object.asyncJestTest (C:\\projects\\molecule-pagination-hoc\\node_modules\\jest-jasmine2\\build\\jasmineAsyncInstall.js:102:37)\n    at C:\\projects\\molecule-pagination-hoc\\node_modules\\jest-jasmine2\\build\\queueRunner.js:43:12\n    at new Promise (<anonymous>)\n    at mapper (C:\\projects\\molecule-pagination-hoc\\node_modules\\jest-jasmine2\\build\\queueRunner.js:26:19)\n    at C:\\projects\\molecule-pagination-hoc\\node_modules\\jest-jasmine2\\build\\queueRunner.js:73:41\n    at processTicksAndRejections (internal/process/task_queues.js:93:5)"],"fullName":"<Pagination /> should contain a smartPaginate flag","location":null,"status":"failed","title":"should contain a smartPaginate flag"}],"endTime":1578247862994,"message":"\u001b[1m\u001b[31m  \u001b[1m● \u001b[1m<Pagination /> › should take inherited styles\u001b[39m\u001b[22m\n\n    Noop: Too many arguments passed. Received 1 but can receive no more than 0\n\u001b[2m\u001b[22m\n\u001b[2m    \u001b[0m \u001b[90m 44 | \u001b[39m\u001b[0m\u001b[22m\n\u001b[2m    \u001b[0m \u001b[90m 45 | \u001b[39m  \u001b[36mreturn\u001b[39m \u001b[33m<\u001b[39m\u001b[33mdiv\u001b[39m\u001b[33m>\u001b[39m\u001b[0m\u001b[22m\n\u001b[2m    \u001b[0m\u001b[31m\u001b[1m>\u001b[2m\u001b[39m\u001b[90m 46 | \u001b[39m    {render({rows\u001b[33m:\u001b[39mactiveRows})}\u001b[0m\u001b[22m\n\u001b[2m    \u001b[0m \u001b[90m    | \u001b[39m     \u001b[31m\u001b[1m^\u001b[2m\u001b[39m\u001b[0m\u001b[22m\n\u001b[2m    \u001b[0m \u001b[90m 47 | \u001b[39m    \u001b[33m<\u001b[39m\u001b[33mdiv\u001b[39m style\u001b[33m=\u001b[39m{{display\u001b[33m:\u001b[39m\u001b[32m\"inline\"\u001b[39m}}\u001b[33m>\u001b[39m\u001b[0m\u001b[22m\n\u001b[2m    \u001b[0m \u001b[90m 48 | \u001b[39m      \u001b[33m<\u001b[39m\u001b[33mLabel\u001b[39m \u001b[36mfor\u001b[39m\u001b[33m=\u001b[39m\u001b[32m\"\"\u001b[39m\u001b[33m>\u001b[39m\u001b[33mItems\u001b[39m per page\u001b[33m<\u001b[39m\u001b[33m/\u001b[39m\u001b[33mLabel\u001b[39m\u001b[33m>\u001b[39m\u001b[0m\u001b[22m\n\u001b[2m    \u001b[0m \u001b[90m 49 | \u001b[39m      \u001b[33m<\u001b[39m\u001b[33mSelect\u001b[39m \u001b[0m\u001b[22m\n\u001b[2m\u001b[22m\n\u001b[2m      \u001b[2mat builder (\u001b[2mnode_modules/@babel/types/lib/builders/builder.js\u001b[2m:21:11)\u001b[2m\u001b[22m\n\u001b[2m      \u001b[2mat render (\u001b[2mnode_modules/@babel/types/lib/builders/generated/index.js\u001b[2m:858:31)\u001b[2m\u001b[22m\n\u001b[2m      \u001b[2mat Pagination (\u001b[2mlib/components/molecules/Pagination/Pagination.js\u001b[2m:46:6)\u001b[2m\u001b[22m\n\u001b[2m      \u001b[2mat processChild (\u001b[2mnode_modules/react-dom/cjs/react-dom-server.node.development.js\u001b[2m:3204:14)\u001b[2m\u001b[22m\n\u001b[2m      \u001b[2mat resolve (\u001b[2mnode_modules/react-dom/cjs/react-dom-server.node.development.js\u001b[2m:3124:5)\u001b[2m\u001b[22m\n\u001b[2m      \u001b[2mat ReactDOMServerRenderer.render (\u001b[2mnode_modules/react-dom/cjs/react-dom-server.node.development.js\u001b[2m:3598:22)\u001b[2m\u001b[22m\n\u001b[2m      \u001b[2mat ReactDOMServerRenderer.read (\u001b[2mnode_modules/react-dom/cjs/react-dom-server.node.development.js\u001b[2m:3536:29)\u001b[2m\u001b[22m\n\u001b[2m      \u001b[2mat Object.renderToStaticMarkup (\u001b[2mnode_modules/react-dom/cjs/react-dom-server.node.development.js\u001b[2m:4261:27)\u001b[2m\u001b[22m\n\u001b[2m      \u001b[2mat Object.render (\u001b[2mnode_modules/enzyme-adapter-react-16/src/ReactSixteenAdapter.js\u001b[2m:751:31)\u001b[2m\u001b[22m\n\u001b[2m      \u001b[2mat ShallowWrapper.call (\u001b[2mnode_modules/enzyme/src/ShallowWrapper.js\u001b[2m:1108:23)\u001b[2m\u001b[22m\n\u001b[2m      \u001b[2mat ShallowWrapper.single (\u001b[2mnode_modules/enzyme/src/ShallowWrapper.js\u001b[2m:1654:21)\u001b[2m\u001b[22m\n\u001b[2m      \u001b[2mat ShallowWrapper.html (\u001b[2mnode_modules/enzyme/src/ShallowWrapper.js\u001b[2m:1104:17)\u001b[2m\u001b[22m\n\u001b[2m      \u001b[2mat Object.<anonymous> (\u001b[2m\u001b[0m\u001b[36mlib/components/molecules/Pagination/tests/Pagination.test.js\u001b[39m\u001b[0m\u001b[2m:17:32)\u001b[2m\u001b[22m\n\n\u001b[1m\u001b[31m  \u001b[1m● \u001b[1m<Pagination /> › should accept an array\u001b[39m\u001b[22m\n\n    \u001b[2mexpect(\u001b[22m\u001b[31mreceived\u001b[39m\u001b[2m).\u001b[22mtoEqual\u001b[2m(\u001b[22m\u001b[32mexpected\u001b[39m\u001b[2m) // deep equality\u001b[22m\n\n    Expected: \u001b[32m0\u001b[39m\n    Received: \u001b[31m1\u001b[39m\n\u001b[2m\u001b[22m\n\u001b[2m    \u001b[0m \u001b[90m  7 | \u001b[39m\u001b[36mimport\u001b[39m \u001b[33mPagination\u001b[39m\u001b[33m,\u001b[39m { \u001b[33mPaginationVanilla\u001b[39m } from \u001b[32m'../index'\u001b[39m\u001b[33m;\u001b[39m\u001b[0m\u001b[22m\n\u001b[2m    \u001b[0m \u001b[90m  8 | \u001b[39m \u001b[0m\u001b[22m\n\u001b[2m    \u001b[0m\u001b[31m\u001b[1m>\u001b[2m\u001b[39m\u001b[90m  9 | \u001b[39m\u001b[36mconst\u001b[39m alwaysFalse \u001b[33m=\u001b[39m () \u001b[33m=>\u001b[39m {expect(\u001b[35m1\u001b[39m)\u001b[33m.\u001b[39mtoEqual(\u001b[35m0\u001b[39m)}\u001b[33m;\u001b[39m\u001b[0m\u001b[22m\n\u001b[2m    \u001b[0m \u001b[90m    | \u001b[39m                                     \u001b[31m\u001b[1m^\u001b[2m\u001b[39m\u001b[0m\u001b[22m\n\u001b[2m    \u001b[0m \u001b[90m 10 | \u001b[39mdescribe(\u001b[32m'<Pagination />'\u001b[39m\u001b[33m,\u001b[39m () \u001b[33m=>\u001b[39m {\u001b[0m\u001b[22m\n\u001b[2m    \u001b[0m \u001b[90m 11 | \u001b[39m  let \u001b[33mPaginationComponent\u001b[39m \u001b[33m=\u001b[39m \u001b[32m''\u001b[39m\u001b[33m;\u001b[39m\u001b[0m\u001b[22m\n\u001b[2m    \u001b[0m \u001b[90m 12 | \u001b[39m  beforeEach(() \u001b[33m=>\u001b[39m {\u001b[0m\u001b[22m\n\u001b[2m\u001b[22m\n\u001b[2m      \u001b[2mat Object.alwaysFalse (\u001b[2m\u001b[0m\u001b[36mlib/components/molecules/Pagination/tests/Pagination.test.js\u001b[39m\u001b[0m\u001b[2m:9:38)\u001b[2m\u001b[22m\n\n\u001b[1m\u001b[31m  \u001b[1m● \u001b[1m<Pagination /> › should not show any buttons if page size is 1\u001b[39m\u001b[22m\n\n    \u001b[2mexpect(\u001b[22m\u001b[31mreceived\u001b[39m\u001b[2m).\u001b[22mtoEqual\u001b[2m(\u001b[22m\u001b[32mexpected\u001b[39m\u001b[2m) // deep equality\u001b[22m\n\n    Expected: \u001b[32m0\u001b[39m\n    Received: \u001b[31m1\u001b[39m\n\u001b[2m\u001b[22m\n\u001b[2m    \u001b[0m \u001b[90m  7 | \u001b[39m\u001b[36mimport\u001b[39m \u001b[33mPagination\u001b[39m\u001b[33m,\u001b[39m { \u001b[33mPaginationVanilla\u001b[39m } from \u001b[32m'../index'\u001b[39m\u001b[33m;\u001b[39m\u001b[0m\u001b[22m\n\u001b[2m    \u001b[0m \u001b[90m  8 | \u001b[39m \u001b[0m\u001b[22m\n\u001b[2m    \u001b[0m\u001b[31m\u001b[1m>\u001b[2m\u001b[39m\u001b[90m  9 | \u001b[39m\u001b[36mconst\u001b[39m alwaysFalse \u001b[33m=\u001b[39m () \u001b[33m=>\u001b[39m {expect(\u001b[35m1\u001b[39m)\u001b[33m.\u001b[39mtoEqual(\u001b[35m0\u001b[39m)}\u001b[33m;\u001b[39m\u001b[0m\u001b[22m\n\u001b[2m    \u001b[0m \u001b[90m    | \u001b[39m                                     \u001b[31m\u001b[1m^\u001b[2m\u001b[39m\u001b[0m\u001b[22m\n\u001b[2m    \u001b[0m \u001b[90m 10 | \u001b[39mdescribe(\u001b[32m'<Pagination />'\u001b[39m\u001b[33m,\u001b[39m () \u001b[33m=>\u001b[39m {\u001b[0m\u001b[22m\n\u001b[2m    \u001b[0m \u001b[90m 11 | \u001b[39m  let \u001b[33mPaginationComponent\u001b[39m \u001b[33m=\u001b[39m \u001b[32m''\u001b[39m\u001b[33m;\u001b[39m\u001b[0m\u001b[22m\n\u001b[2m    \u001b[0m \u001b[90m 12 | \u001b[39m  beforeEach(() \u001b[33m=>\u001b[39m {\u001b[0m\u001b[22m\n\u001b[2m\u001b[22m\n\u001b[2m      \u001b[2mat Object.alwaysFalse (\u001b[2m\u001b[0m\u001b[36mlib/components/molecules/Pagination/tests/Pagination.test.js\u001b[39m\u001b[0m\u001b[2m:9:38)\u001b[2m\u001b[22m\n\n\u001b[1m\u001b[31m  \u001b[1m● \u001b[1m<Pagination /> › should show buttons when pages are more than 1\u001b[39m\u001b[22m\n\n    \u001b[2mexpect(\u001b[22m\u001b[31mreceived\u001b[39m\u001b[2m).\u001b[22mtoEqual\u001b[2m(\u001b[22m\u001b[32mexpected\u001b[39m\u001b[2m) // deep equality\u001b[22m\n\n    Expected: \u001b[32m0\u001b[39m\n    Received: \u001b[31m1\u001b[39m\n\u001b[2m\u001b[22m\n\u001b[2m    \u001b[0m \u001b[90m  7 | \u001b[39m\u001b[36mimport\u001b[39m \u001b[33mPagination\u001b[39m\u001b[33m,\u001b[39m { \u001b[33mPaginationVanilla\u001b[39m } from \u001b[32m'../index'\u001b[39m\u001b[33m;\u001b[39m\u001b[0m\u001b[22m\n\u001b[2m    \u001b[0m \u001b[90m  8 | \u001b[39m \u001b[0m\u001b[22m\n\u001b[2m    \u001b[0m\u001b[31m\u001b[1m>\u001b[2m\u001b[39m\u001b[90m  9 | \u001b[39m\u001b[36mconst\u001b[39m alwaysFalse \u001b[33m=\u001b[39m () \u001b[33m=>\u001b[39m {expect(\u001b[35m1\u001b[39m)\u001b[33m.\u001b[39mtoEqual(\u001b[35m0\u001b[39m)}\u001b[33m;\u001b[39m\u001b[0m\u001b[22m\n\u001b[2m    \u001b[0m \u001b[90m    | \u001b[39m                                     \u001b[31m\u001b[1m^\u001b[2m\u001b[39m\u001b[0m\u001b[22m\n\u001b[2m    \u001b[0m \u001b[90m 10 | \u001b[39mdescribe(\u001b[32m'<Pagination />'\u001b[39m\u001b[33m,\u001b[39m () \u001b[33m=>\u001b[39m {\u001b[0m\u001b[22m\n\u001b[2m    \u001b[0m \u001b[90m 11 | \u001b[39m  let \u001b[33mPaginationComponent\u001b[39m \u001b[33m=\u001b[39m \u001b[32m''\u001b[39m\u001b[33m;\u001b[39m\u001b[0m\u001b[22m\n\u001b[2m    \u001b[0m \u001b[90m 12 | \u001b[39m  beforeEach(() \u001b[33m=>\u001b[39m {\u001b[0m\u001b[22m\n\u001b[2m\u001b[22m\n\u001b[2m      \u001b[2mat Object.alwaysFalse (\u001b[2m\u001b[0m\u001b[36mlib/components/molecules/Pagination/tests/Pagination.test.js\u001b[39m\u001b[0m\u001b[2m:9:38)\u001b[2m\u001b[22m\n\n\u001b[1m\u001b[31m  \u001b[1m● \u001b[1m<Pagination /> › should contain a next button\u001b[39m\u001b[22m\n\n    \u001b[2mexpect(\u001b[22m\u001b[31mreceived\u001b[39m\u001b[2m).\u001b[22mtoEqual\u001b[2m(\u001b[22m\u001b[32mexpected\u001b[39m\u001b[2m) // deep equality\u001b[22m\n\n    Expected: \u001b[32m0\u001b[39m\n    Received: \u001b[31m1\u001b[39m\n\u001b[2m\u001b[22m\n\u001b[2m    \u001b[0m \u001b[90m  7 | \u001b[39m\u001b[36mimport\u001b[39m \u001b[33mPagination\u001b[39m\u001b[33m,\u001b[39m { \u001b[33mPaginationVanilla\u001b[39m } from \u001b[32m'../index'\u001b[39m\u001b[33m;\u001b[39m\u001b[0m\u001b[22m\n\u001b[2m    \u001b[0m \u001b[90m  8 | \u001b[39m \u001b[0m\u001b[22m\n\u001b[2m    \u001b[0m\u001b[31m\u001b[1m>\u001b[2m\u001b[39m\u001b[90m  9 | \u001b[39m\u001b[36mconst\u001b[39m alwaysFalse \u001b[33m=\u001b[39m () \u001b[33m=>\u001b[39m {expect(\u001b[35m1\u001b[39m)\u001b[33m.\u001b[39mtoEqual(\u001b[35m0\u001b[39m)}\u001b[33m;\u001b[39m\u001b[0m\u001b[22m\n\u001b[2m    \u001b[0m \u001b[90m    | \u001b[39m                                     \u001b[31m\u001b[1m^\u001b[2m\u001b[39m\u001b[0m\u001b[22m\n\u001b[2m    \u001b[0m \u001b[90m 10 | \u001b[39mdescribe(\u001b[32m'<Pagination />'\u001b[39m\u001b[33m,\u001b[39m () \u001b[33m=>\u001b[39m {\u001b[0m\u001b[22m\n\u001b[2m    \u001b[0m \u001b[90m 11 | \u001b[39m  let \u001b[33mPaginationComponent\u001b[39m \u001b[33m=\u001b[39m \u001b[32m''\u001b[39m\u001b[33m;\u001b[39m\u001b[0m\u001b[22m\n\u001b[2m    \u001b[0m \u001b[90m 12 | \u001b[39m  beforeEach(() \u001b[33m=>\u001b[39m {\u001b[0m\u001b[22m\n\u001b[2m\u001b[22m\n\u001b[2m      \u001b[2mat Object.alwaysFalse (\u001b[2m\u001b[0m\u001b[36mlib/components/molecules/Pagination/tests/Pagination.test.js\u001b[39m\u001b[0m\u001b[2m:9:38)\u001b[2m\u001b[22m\n\n\u001b[1m\u001b[31m  \u001b[1m● \u001b[1m<Pagination /> › should contain a previous button\u001b[39m\u001b[22m\n\n    \u001b[2mexpect(\u001b[22m\u001b[31mreceived\u001b[39m\u001b[2m).\u001b[22mtoEqual\u001b[2m(\u001b[22m\u001b[32mexpected\u001b[39m\u001b[2m) // deep equality\u001b[22m\n\n    Expected: \u001b[32m0\u001b[39m\n    Received: \u001b[31m1\u001b[39m\n\u001b[2m\u001b[22m\n\u001b[2m    \u001b[0m \u001b[90m  7 | \u001b[39m\u001b[36mimport\u001b[39m \u001b[33mPagination\u001b[39m\u001b[33m,\u001b[39m { \u001b[33mPaginationVanilla\u001b[39m } from \u001b[32m'../index'\u001b[39m\u001b[33m;\u001b[39m\u001b[0m\u001b[22m\n\u001b[2m    \u001b[0m \u001b[90m  8 | \u001b[39m \u001b[0m\u001b[22m\n\u001b[2m    \u001b[0m\u001b[31m\u001b[1m>\u001b[2m\u001b[39m\u001b[90m  9 | \u001b[39m\u001b[36mconst\u001b[39m alwaysFalse \u001b[33m=\u001b[39m () \u001b[33m=>\u001b[39m {expect(\u001b[35m1\u001b[39m)\u001b[33m.\u001b[39mtoEqual(\u001b[35m0\u001b[39m)}\u001b[33m;\u001b[39m\u001b[0m\u001b[22m\n\u001b[2m    \u001b[0m \u001b[90m    | \u001b[39m                                     \u001b[31m\u001b[1m^\u001b[2m\u001b[39m\u001b[0m\u001b[22m\n\u001b[2m    \u001b[0m \u001b[90m 10 | \u001b[39mdescribe(\u001b[32m'<Pagination />'\u001b[39m\u001b[33m,\u001b[39m () \u001b[33m=>\u001b[39m {\u001b[0m\u001b[22m\n\u001b[2m    \u001b[0m \u001b[90m 11 | \u001b[39m  let \u001b[33mPaginationComponent\u001b[39m \u001b[33m=\u001b[39m \u001b[32m''\u001b[39m\u001b[33m;\u001b[39m\u001b[0m\u001b[22m\n\u001b[2m    \u001b[0m \u001b[90m 12 | \u001b[39m  beforeEach(() \u001b[33m=>\u001b[39m {\u001b[0m\u001b[22m\n\u001b[2m\u001b[22m\n\u001b[2m      \u001b[2mat Object.alwaysFalse (\u001b[2m\u001b[0m\u001b[36mlib/components/molecules/Pagination/tests/Pagination.test.js\u001b[39m\u001b[0m\u001b[2m:9:38)\u001b[2m\u001b[22m\n\n\u001b[1m\u001b[31m  \u001b[1m● \u001b[1m<Pagination /> › should contain a Goto Last page button\u001b[39m\u001b[22m\n\n    \u001b[2mexpect(\u001b[22m\u001b[31mreceived\u001b[39m\u001b[2m).\u001b[22mtoEqual\u001b[2m(\u001b[22m\u001b[32mexpected\u001b[39m\u001b[2m) // deep equality\u001b[22m\n\n    Expected: \u001b[32m0\u001b[39m\n    Received: \u001b[31m1\u001b[39m\n\u001b[2m\u001b[22m\n\u001b[2m    \u001b[0m \u001b[90m  7 | \u001b[39m\u001b[36mimport\u001b[39m \u001b[33mPagination\u001b[39m\u001b[33m,\u001b[39m { \u001b[33mPaginationVanilla\u001b[39m } from \u001b[32m'../index'\u001b[39m\u001b[33m;\u001b[39m\u001b[0m\u001b[22m\n\u001b[2m    \u001b[0m \u001b[90m  8 | \u001b[39m \u001b[0m\u001b[22m\n\u001b[2m    \u001b[0m\u001b[31m\u001b[1m>\u001b[2m\u001b[39m\u001b[90m  9 | \u001b[39m\u001b[36mconst\u001b[39m alwaysFalse \u001b[33m=\u001b[39m () \u001b[33m=>\u001b[39m {expect(\u001b[35m1\u001b[39m)\u001b[33m.\u001b[39mtoEqual(\u001b[35m0\u001b[39m)}\u001b[33m;\u001b[39m\u001b[0m\u001b[22m\n\u001b[2m    \u001b[0m \u001b[90m    | \u001b[39m                                     \u001b[31m\u001b[1m^\u001b[2m\u001b[39m\u001b[0m\u001b[22m\n\u001b[2m    \u001b[0m \u001b[90m 10 | \u001b[39mdescribe(\u001b[32m'<Pagination />'\u001b[39m\u001b[33m,\u001b[39m () \u001b[33m=>\u001b[39m {\u001b[0m\u001b[22m\n\u001b[2m    \u001b[0m \u001b[90m 11 | \u001b[39m  let \u001b[33mPaginationComponent\u001b[39m \u001b[33m=\u001b[39m \u001b[32m''\u001b[39m\u001b[33m;\u001b[39m\u001b[0m\u001b[22m\n\u001b[2m    \u001b[0m \u001b[90m 12 | \u001b[39m  beforeEach(() \u001b[33m=>\u001b[39m {\u001b[0m\u001b[22m\n\u001b[2m\u001b[22m\n\u001b[2m      \u001b[2mat Object.alwaysFalse (\u001b[2m\u001b[0m\u001b[36mlib/components/molecules/Pagination/tests/Pagination.test.js\u001b[39m\u001b[0m\u001b[2m:9:38)\u001b[2m\u001b[22m\n\n\u001b[1m\u001b[31m  \u001b[1m● \u001b[1m<Pagination /> › should contain a goto 1st page button\u001b[39m\u001b[22m\n\n    \u001b[2mexpect(\u001b[22m\u001b[31mreceived\u001b[39m\u001b[2m).\u001b[22mtoEqual\u001b[2m(\u001b[22m\u001b[32mexpected\u001b[39m\u001b[2m) // deep equality\u001b[22m\n\n    Expected: \u001b[32m0\u001b[39m\n    Received: \u001b[31m1\u001b[39m\n\u001b[2m\u001b[22m\n\u001b[2m    \u001b[0m \u001b[90m  7 | \u001b[39m\u001b[36mimport\u001b[39m \u001b[33mPagination\u001b[39m\u001b[33m,\u001b[39m { \u001b[33mPaginationVanilla\u001b[39m } from \u001b[32m'../index'\u001b[39m\u001b[33m;\u001b[39m\u001b[0m\u001b[22m\n\u001b[2m    \u001b[0m \u001b[90m  8 | \u001b[39m \u001b[0m\u001b[22m\n\u001b[2m    \u001b[0m\u001b[31m\u001b[1m>\u001b[2m\u001b[39m\u001b[90m  9 | \u001b[39m\u001b[36mconst\u001b[39m alwaysFalse \u001b[33m=\u001b[39m () \u001b[33m=>\u001b[39m {expect(\u001b[35m1\u001b[39m)\u001b[33m.\u001b[39mtoEqual(\u001b[35m0\u001b[39m)}\u001b[33m;\u001b[39m\u001b[0m\u001b[22m\n\u001b[2m    \u001b[0m \u001b[90m    | \u001b[39m                                     \u001b[31m\u001b[1m^\u001b[2m\u001b[39m\u001b[0m\u001b[22m\n\u001b[2m    \u001b[0m \u001b[90m 10 | \u001b[39mdescribe(\u001b[32m'<Pagination />'\u001b[39m\u001b[33m,\u001b[39m () \u001b[33m=>\u001b[39m {\u001b[0m\u001b[22m\n\u001b[2m    \u001b[0m \u001b[90m 11 | \u001b[39m  let \u001b[33mPaginationComponent\u001b[39m \u001b[33m=\u001b[39m \u001b[32m''\u001b[39m\u001b[33m;\u001b[39m\u001b[0m\u001b[22m\n\u001b[2m    \u001b[0m \u001b[90m 12 | \u001b[39m  beforeEach(() \u001b[33m=>\u001b[39m {\u001b[0m\u001b[22m\n\u001b[2m\u001b[22m\n\u001b[2m      \u001b[2mat Object.alwaysFalse (\u001b[2m\u001b[0m\u001b[36mlib/components/molecules/Pagination/tests/Pagination.test.js\u001b[39m\u001b[0m\u001b[2m:9:38)\u001b[2m\u001b[22m\n\n\u001b[1m\u001b[31m  \u001b[1m● \u001b[1m<Pagination /> › should contain a max-pages property\u001b[39m\u001b[22m\n\n    \u001b[2mexpect(\u001b[22m\u001b[31mreceived\u001b[39m\u001b[2m).\u001b[22mtoEqual\u001b[2m(\u001b[22m\u001b[32mexpected\u001b[39m\u001b[2m) // deep equality\u001b[22m\n\n    Expected: \u001b[32m0\u001b[39m\n    Received: \u001b[31m1\u001b[39m\n\u001b[2m\u001b[22m\n\u001b[2m    \u001b[0m \u001b[90m  7 | \u001b[39m\u001b[36mimport\u001b[39m \u001b[33mPagination\u001b[39m\u001b[33m,\u001b[39m { \u001b[33mPaginationVanilla\u001b[39m } from \u001b[32m'../index'\u001b[39m\u001b[33m;\u001b[39m\u001b[0m\u001b[22m\n\u001b[2m    \u001b[0m \u001b[90m  8 | \u001b[39m \u001b[0m\u001b[22m\n\u001b[2m    \u001b[0m\u001b[31m\u001b[1m>\u001b[2m\u001b[39m\u001b[90m  9 | \u001b[39m\u001b[36mconst\u001b[39m alwaysFalse \u001b[33m=\u001b[39m () \u001b[33m=>\u001b[39m {expect(\u001b[35m1\u001b[39m)\u001b[33m.\u001b[39mtoEqual(\u001b[35m0\u001b[39m)}\u001b[33m;\u001b[39m\u001b[0m\u001b[22m\n\u001b[2m    \u001b[0m \u001b[90m    | \u001b[39m                                     \u001b[31m\u001b[1m^\u001b[2m\u001b[39m\u001b[0m\u001b[22m\n\u001b[2m    \u001b[0m \u001b[90m 10 | \u001b[39mdescribe(\u001b[32m'<Pagination />'\u001b[39m\u001b[33m,\u001b[39m () \u001b[33m=>\u001b[39m {\u001b[0m\u001b[22m\n\u001b[2m    \u001b[0m \u001b[90m 11 | \u001b[39m  let \u001b[33mPaginationComponent\u001b[39m \u001b[33m=\u001b[39m \u001b[32m''\u001b[39m\u001b[33m;\u001b[39m\u001b[0m\u001b[22m\n\u001b[2m    \u001b[0m \u001b[90m 12 | \u001b[39m  beforeEach(() \u001b[33m=>\u001b[39m {\u001b[0m\u001b[22m\n\u001b[2m\u001b[22m\n\u001b[2m      \u001b[2mat Object.alwaysFalse (\u001b[2m\u001b[0m\u001b[36mlib/components/molecules/Pagination/tests/Pagination.test.js\u001b[39m\u001b[0m\u001b[2m:9:38)\u001b[2m\u001b[22m\n\n\u001b[1m\u001b[31m  \u001b[1m● \u001b[1m<Pagination /> › should contain a min-page propery\u001b[39m\u001b[22m\n\n    \u001b[2mexpect(\u001b[22m\u001b[31mreceived\u001b[39m\u001b[2m).\u001b[22mtoEqual\u001b[2m(\u001b[22m\u001b[32mexpected\u001b[39m\u001b[2m) // deep equality\u001b[22m\n\n    Expected: \u001b[32m0\u001b[39m\n    Received: \u001b[31m1\u001b[39m\n\u001b[2m\u001b[22m\n\u001b[2m    \u001b[0m \u001b[90m  7 | \u001b[39m\u001b[36mimport\u001b[39m \u001b[33mPagination\u001b[39m\u001b[33m,\u001b[39m { \u001b[33mPaginationVanilla\u001b[39m } from \u001b[32m'../index'\u001b[39m\u001b[33m;\u001b[39m\u001b[0m\u001b[22m\n\u001b[2m    \u001b[0m \u001b[90m  8 | \u001b[39m \u001b[0m\u001b[22m\n\u001b[2m    \u001b[0m\u001b[31m\u001b[1m>\u001b[2m\u001b[39m\u001b[90m  9 | \u001b[39m\u001b[36mconst\u001b[39m alwaysFalse \u001b[33m=\u001b[39m () \u001b[33m=>\u001b[39m {expect(\u001b[35m1\u001b[39m)\u001b[33m.\u001b[39mtoEqual(\u001b[35m0\u001b[39m)}\u001b[33m;\u001b[39m\u001b[0m\u001b[22m\n\u001b[2m    \u001b[0m \u001b[90m    | \u001b[39m                                     \u001b[31m\u001b[1m^\u001b[2m\u001b[39m\u001b[0m\u001b[22m\n\u001b[2m    \u001b[0m \u001b[90m 10 | \u001b[39mdescribe(\u001b[32m'<Pagination />'\u001b[39m\u001b[33m,\u001b[39m () \u001b[33m=>\u001b[39m {\u001b[0m\u001b[22m\n\u001b[2m    \u001b[0m \u001b[90m 11 | \u001b[39m  let \u001b[33mPaginationComponent\u001b[39m \u001b[33m=\u001b[39m \u001b[32m''\u001b[39m\u001b[33m;\u001b[39m\u001b[0m\u001b[22m\n\u001b[2m    \u001b[0m \u001b[90m 12 | \u001b[39m  beforeEach(() \u001b[33m=>\u001b[39m {\u001b[0m\u001b[22m\n\u001b[2m\u001b[22m\n\u001b[2m      \u001b[2mat Object.alwaysFalse (\u001b[2m\u001b[0m\u001b[36mlib/components/molecules/Pagination/tests/Pagination.test.js\u001b[39m\u001b[0m\u001b[2m:9:38)\u001b[2m\u001b[22m\n\n\u001b[1m\u001b[31m  \u001b[1m● \u001b[1m<Pagination /> › goto first page button should be displayed if page size is more than 5\u001b[39m\u001b[22m\n\n    \u001b[2mexpect(\u001b[22m\u001b[31mreceived\u001b[39m\u001b[2m).\u001b[22mtoEqual\u001b[2m(\u001b[22m\u001b[32mexpected\u001b[39m\u001b[2m) // deep equality\u001b[22m\n\n    Expected: \u001b[32m0\u001b[39m\n    Received: \u001b[31m1\u001b[39m\n\u001b[2m\u001b[22m\n\u001b[2m    \u001b[0m \u001b[90m  7 | \u001b[39m\u001b[36mimport\u001b[39m \u001b[33mPagination\u001b[39m\u001b[33m,\u001b[39m { \u001b[33mPaginationVanilla\u001b[39m } from \u001b[32m'../index'\u001b[39m\u001b[33m;\u001b[39m\u001b[0m\u001b[22m\n\u001b[2m    \u001b[0m \u001b[90m  8 | \u001b[39m \u001b[0m\u001b[22m\n\u001b[2m    \u001b[0m\u001b[31m\u001b[1m>\u001b[2m\u001b[39m\u001b[90m  9 | \u001b[39m\u001b[36mconst\u001b[39m alwaysFalse \u001b[33m=\u001b[39m () \u001b[33m=>\u001b[39m {expect(\u001b[35m1\u001b[39m)\u001b[33m.\u001b[39mtoEqual(\u001b[35m0\u001b[39m)}\u001b[33m;\u001b[39m\u001b[0m\u001b[22m\n\u001b[2m    \u001b[0m \u001b[90m    | \u001b[39m                                     \u001b[31m\u001b[1m^\u001b[2m\u001b[39m\u001b[0m\u001b[22m\n\u001b[2m    \u001b[0m \u001b[90m 10 | \u001b[39mdescribe(\u001b[32m'<Pagination />'\u001b[39m\u001b[33m,\u001b[39m () \u001b[33m=>\u001b[39m {\u001b[0m\u001b[22m\n\u001b[2m    \u001b[0m \u001b[90m 11 | \u001b[39m  let \u001b[33mPaginationComponent\u001b[39m \u001b[33m=\u001b[39m \u001b[32m''\u001b[39m\u001b[33m;\u001b[39m\u001b[0m\u001b[22m\n\u001b[2m    \u001b[0m \u001b[90m 12 | \u001b[39m  beforeEach(() \u001b[33m=>\u001b[39m {\u001b[0m\u001b[22m\n\u001b[2m\u001b[22m\n\u001b[2m      \u001b[2mat Object.alwaysFalse (\u001b[2m\u001b[0m\u001b[36mlib/components/molecules/Pagination/tests/Pagination.test.js\u001b[39m\u001b[0m\u001b[2m:9:38)\u001b[2m\u001b[22m\n\n\u001b[1m\u001b[31m  \u001b[1m● \u001b[1m<Pagination /> › goto last page button should be displayed if page size is greater than max-pages\u001b[39m\u001b[22m\n\n    \u001b[2mexpect(\u001b[22m\u001b[31mreceived\u001b[39m\u001b[2m).\u001b[22mtoEqual\u001b[2m(\u001b[22m\u001b[32mexpected\u001b[39m\u001b[2m) // deep equality\u001b[22m\n\n    Expected: \u001b[32m0\u001b[39m\n    Received: \u001b[31m1\u001b[39m\n\u001b[2m\u001b[22m\n\u001b[2m    \u001b[0m \u001b[90m  7 | \u001b[39m\u001b[36mimport\u001b[39m \u001b[33mPagination\u001b[39m\u001b[33m,\u001b[39m { \u001b[33mPaginationVanilla\u001b[39m } from \u001b[32m'../index'\u001b[39m\u001b[33m;\u001b[39m\u001b[0m\u001b[22m\n\u001b[2m    \u001b[0m \u001b[90m  8 | \u001b[39m \u001b[0m\u001b[22m\n\u001b[2m    \u001b[0m\u001b[31m\u001b[1m>\u001b[2m\u001b[39m\u001b[90m  9 | \u001b[39m\u001b[36mconst\u001b[39m alwaysFalse \u001b[33m=\u001b[39m () \u001b[33m=>\u001b[39m {expect(\u001b[35m1\u001b[39m)\u001b[33m.\u001b[39mtoEqual(\u001b[35m0\u001b[39m)}\u001b[33m;\u001b[39m\u001b[0m\u001b[22m\n\u001b[2m    \u001b[0m \u001b[90m    | \u001b[39m                                     \u001b[31m\u001b[1m^\u001b[2m\u001b[39m\u001b[0m\u001b[22m\n\u001b[2m    \u001b[0m \u001b[90m 10 | \u001b[39mdescribe(\u001b[32m'<Pagination />'\u001b[39m\u001b[33m,\u001b[39m () \u001b[33m=>\u001b[39m {\u001b[0m\u001b[22m\n\u001b[2m    \u001b[0m \u001b[90m 11 | \u001b[39m  let \u001b[33mPaginationComponent\u001b[39m \u001b[33m=\u001b[39m \u001b[32m''\u001b[39m\u001b[33m;\u001b[39m\u001b[0m\u001b[22m\n\u001b[2m    \u001b[0m \u001b[90m 12 | \u001b[39m  beforeEach(() \u001b[33m=>\u001b[39m {\u001b[0m\u001b[22m\n\u001b[2m\u001b[22m\n\u001b[2m      \u001b[2mat Object.alwaysFalse (\u001b[2m\u001b[0m\u001b[36mlib/components/molecules/Pagination/tests/Pagination.test.js\u001b[39m\u001b[0m\u001b[2m:9:38)\u001b[2m\u001b[22m\n\n\u001b[1m\u001b[31m  \u001b[1m● \u001b[1m<Pagination /> › should contain a smartPaginate flag\u001b[39m\u001b[22m\n\n    \u001b[2mexpect(\u001b[22m\u001b[31mreceived\u001b[39m\u001b[2m).\u001b[22mtoEqual\u001b[2m(\u001b[22m\u001b[32mexpected\u001b[39m\u001b[2m) // deep equality\u001b[22m\n\n    Expected: \u001b[32m0\u001b[39m\n    Received: \u001b[31m1\u001b[39m\n\u001b[2m\u001b[22m\n\u001b[2m    \u001b[0m \u001b[90m  7 | \u001b[39m\u001b[36mimport\u001b[39m \u001b[33mPagination\u001b[39m\u001b[33m,\u001b[39m { \u001b[33mPaginationVanilla\u001b[39m } from \u001b[32m'../index'\u001b[39m\u001b[33m;\u001b[39m\u001b[0m\u001b[22m\n\u001b[2m    \u001b[0m \u001b[90m  8 | \u001b[39m \u001b[0m\u001b[22m\n\u001b[2m    \u001b[0m\u001b[31m\u001b[1m>\u001b[2m\u001b[39m\u001b[90m  9 | \u001b[39m\u001b[36mconst\u001b[39m alwaysFalse \u001b[33m=\u001b[39m () \u001b[33m=>\u001b[39m {expect(\u001b[35m1\u001b[39m)\u001b[33m.\u001b[39mtoEqual(\u001b[35m0\u001b[39m)}\u001b[33m;\u001b[39m\u001b[0m\u001b[22m\n\u001b[2m    \u001b[0m \u001b[90m    | \u001b[39m                                     \u001b[31m\u001b[1m^\u001b[2m\u001b[39m\u001b[0m\u001b[22m\n\u001b[2m    \u001b[0m \u001b[90m 10 | \u001b[39mdescribe(\u001b[32m'<Pagination />'\u001b[39m\u001b[33m,\u001b[39m () \u001b[33m=>\u001b[39m {\u001b[0m\u001b[22m\n\u001b[2m    \u001b[0m \u001b[90m 11 | \u001b[39m  let \u001b[33mPaginationComponent\u001b[39m \u001b[33m=\u001b[39m \u001b[32m''\u001b[39m\u001b[33m;\u001b[39m\u001b[0m\u001b[22m\n\u001b[2m    \u001b[0m \u001b[90m 12 | \u001b[39m  beforeEach(() \u001b[33m=>\u001b[39m {\u001b[0m\u001b[22m\n\u001b[2m\u001b[22m\n\u001b[2m      \u001b[2mat Object.alwaysFalse (\u001b[2m\u001b[0m\u001b[36mlib/components/molecules/Pagination/tests/Pagination.test.js\u001b[39m\u001b[0m\u001b[2m:9:38)\u001b[2m\u001b[22m\n","name":"C:\\projects\\molecule-pagination-hoc\\lib\\components\\molecules\\Pagination\\tests\\Pagination.test.js","startTime":1578247858930,"status":"failed","summary":""}],"wasInterrupted":false,"coverageMap":{"C:\\projects\\molecule-pagination-hoc\\lib\\components\\molecules\\Pagination\\Pagination.js":{"path":"C:\\projects\\molecule-pagination-hoc\\lib\\components\\molecules\\Pagination\\Pagination.js","statementMap":{"0":{"start":{"line":31,"column":19},"end":{"line":70,"column":1}},"1":{"start":{"line":32,"column":20},"end":{"line":32,"column":67}},"2":{"start":{"line":33,"column":39},"end":{"line":33,"column":50}},"3":{"start":{"line":34,"column":33},"end":{"line":34,"column":58}},"4":{"start":{"line":35,"column":22},"end":{"line":35,"column":43}},"5":{"start":{"line":36,"column":16},"end":{"line":36,"column":45}},"6":{"start":{"line":37,"column":14},"end":{"line":37,"column":31}},"7":{"start":{"line":38,"column":21},"end":{"line":38,"column":43}},"8":{"start":{"line":39,"column":20},"end":{"line":39,"column":55}},"9":{"start":{"line":40,"column":22},"end":{"line":40,"column":61}},"10":{"start":{"line":40,"column":59},"end":{"line":40,"column":60}},"11":{"start":{"line":43,"column":2},"end":{"line":43,"column":46}},"12":{"start":{"line":43,"column":16},"end":{"line":43,"column":33}},"13":{"start":{"line":45,"column":2},"end":{"line":69,"column":9}},"14":{"start":{"line":53,"column":23},"end":{"line":53,"column":50}},"15":{"start":{"line":55,"column":85},"end":{"line":55,"column":102}},"16":{"start":{"line":56,"column":85},"end":{"line":56,"column":114}},"17":{"start":{"line":58,"column":92},"end":{"line":58,"column":121}},"18":{"start":{"line":59,"column":94},"end":{"line":59,"column":119}},"19":{"start":{"line":64,"column":40},"end":{"line":64,"column":43}},"20":{"start":{"line":66,"column":25},"end":{"line":66,"column":55}},"21":{"start":{"line":71,"column":0},"end":{"line":85,"column":2}}},"fnMap":{"0":{"name":"(anonymous_0)","decl":{"start":{"line":31,"column":19},"end":{"line":31,"column":20}},"loc":{"start":{"line":31,"column":90},"end":{"line":70,"column":1}},"line":31},"1":{"name":"(anonymous_1)","decl":{"start":{"line":40,"column":52},"end":{"line":40,"column":53}},"loc":{"start":{"line":40,"column":59},"end":{"line":40,"column":60}},"line":40},"2":{"name":"(anonymous_2)","decl":{"start":{"line":43,"column":12},"end":{"line":43,"column":13}},"loc":{"start":{"line":43,"column":16},"end":{"line":43,"column":33}},"line":43},"3":{"name":"(anonymous_3)","decl":{"start":{"line":53,"column":18},"end":{"line":53,"column":19}},"loc":{"start":{"line":53,"column":23},"end":{"line":53,"column":50}},"line":53},"4":{"name":"(anonymous_4)","decl":{"start":{"line":55,"column":81},"end":{"line":55,"column":82}},"loc":{"start":{"line":55,"column":85},"end":{"line":55,"column":102}},"line":55},"5":{"name":"(anonymous_5)","decl":{"start":{"line":56,"column":81},"end":{"line":56,"column":82}},"loc":{"start":{"line":56,"column":85},"end":{"line":56,"column":114}},"line":56},"6":{"name":"(anonymous_6)","decl":{"start":{"line":58,"column":88},"end":{"line":58,"column":89}},"loc":{"start":{"line":58,"column":92},"end":{"line":58,"column":121}},"line":58},"7":{"name":"(anonymous_7)","decl":{"start":{"line":59,"column":90},"end":{"line":59,"column":91}},"loc":{"start":{"line":59,"column":94},"end":{"line":59,"column":119}},"line":59},"8":{"name":"(anonymous_8)","decl":{"start":{"line":64,"column":35},"end":{"line":64,"column":36}},"loc":{"start":{"line":64,"column":40},"end":{"line":64,"column":43}},"line":64},"9":{"name":"(anonymous_9)","decl":{"start":{"line":66,"column":20},"end":{"line":66,"column":21}},"loc":{"start":{"line":66,"column":25},"end":{"line":66,"column":55}},"line":66}},"branchMap":{"0":{"loc":{"start":{"line":55,"column":5},"end":{"line":55,"column":118}},"type":"binary-expr","locations":[{"start":{"line":55,"column":5},"end":{"line":55,"column":34}},{"start":{"line":55,"column":38},"end":{"line":55,"column":118}}],"line":55},"1":{"loc":{"start":{"line":56,"column":5},"end":{"line":56,"column":129}},"type":"binary-expr","locations":[{"start":{"line":56,"column":5},"end":{"line":56,"column":33}},{"start":{"line":56,"column":37},"end":{"line":56,"column":129}}],"line":56},"2":{"loc":{"start":{"line":58,"column":5},"end":{"line":58,"column":136}},"type":"binary-expr","locations":[{"start":{"line":58,"column":5},"end":{"line":58,"column":33}},{"start":{"line":58,"column":37},"end":{"line":58,"column":136}}],"line":58},"3":{"loc":{"start":{"line":59,"column":5},"end":{"line":59,"column":134}},"type":"binary-expr","locations":[{"start":{"line":59,"column":5},"end":{"line":59,"column":34}},{"start":{"line":59,"column":38},"end":{"line":59,"column":134}}],"line":59}},"s":{"0":1,"1":1,"2":1,"3":1,"4":1,"5":1,"6":1,"7":1,"8":1,"9":1,"10":0,"11":1,"12":0,"13":1,"14":0,"15":0,"16":0,"17":0,"18":0,"19":0,"20":0,"21":1},"f":{"0":1,"1":0,"2":0,"3":0,"4":0,"5":0,"6":0,"7":0,"8":0,"9":0},"b":{"0":[0,0],"1":[0,0],"2":[0,0],"3":[0,0]},"_coverageSchema":"43e27e138ebf9cfc5966b082cf9a028302ed4184","hash":"2b541b29acd8a3e8d112aed7589f86031d6cb1f1"}}}