{"numFailedTestSuites":1,"numFailedTests":13,"numPassedTestSuites":0,"numPassedTests":0,"numPendingTestSuites":0,"numPendingTests":0,"numRuntimeErrorTestSuites":0,"numTodoTests":0,"numTotalTestSuites":1,"numTotalTests":13,"openHandles":[],"snapshot":{"added":0,"didUpdate":false,"failure":false,"filesAdded":0,"filesRemoved":0,"filesRemovedList":[],"filesUnmatched":0,"filesUpdated":0,"matched":0,"total":0,"unchecked":0,"uncheckedKeysByFile":[],"unmatched":0,"updated":0},"startTime":1577971158408,"success":false,"testResults":[{"assertionResults":[{"ancestorTitles":["<Pagination />"],"failureMessages":["TypeError: render is not a function\n    at Pagination (C:\\projects\\molecule-pagination-hoc\\lib\\components\\molecules\\Pagination\\Pagination.js:27:6)\n    at processChild (C:\\projects\\molecule-pagination-hoc\\node_modules\\react-dom\\cjs\\react-dom-server.node.development.js:3204:14)\n    at resolve (C:\\projects\\molecule-pagination-hoc\\node_modules\\react-dom\\cjs\\react-dom-server.node.development.js:3124:5)\n    at ReactDOMServerRenderer.render (C:\\projects\\molecule-pagination-hoc\\node_modules\\react-dom\\cjs\\react-dom-server.node.development.js:3598:22)\n    at ReactDOMServerRenderer.read (C:\\projects\\molecule-pagination-hoc\\node_modules\\react-dom\\cjs\\react-dom-server.node.development.js:3536:29)\n    at Object.renderToStaticMarkup (C:\\projects\\molecule-pagination-hoc\\node_modules\\react-dom\\cjs\\react-dom-server.node.development.js:4261:27)\n    at Object.render (C:\\projects\\molecule-pagination-hoc\\node_modules\\enzyme-adapter-react-16\\src\\ReactSixteenAdapter.js:751:31)\n    at ShallowWrapper.call (C:\\projects\\molecule-pagination-hoc\\node_modules\\enzyme\\src\\ShallowWrapper.js:1108:23)\n    at ShallowWrapper.single (C:\\projects\\molecule-pagination-hoc\\node_modules\\enzyme\\src\\ShallowWrapper.js:1654:21)\n    at ShallowWrapper.html (C:\\projects\\molecule-pagination-hoc\\node_modules\\enzyme\\src\\ShallowWrapper.js:1104:17)\n    at Object.<anonymous> (C:\\projects\\molecule-pagination-hoc\\lib\\components\\molecules\\Pagination\\tests\\Pagination.test.js:17:32)\n    at Object.asyncJestTest (C:\\projects\\molecule-pagination-hoc\\node_modules\\jest-jasmine2\\build\\jasmineAsyncInstall.js:102:37)\n    at C:\\projects\\molecule-pagination-hoc\\node_modules\\jest-jasmine2\\build\\queueRunner.js:43:12\n    at new Promise (<anonymous>)\n    at mapper (C:\\projects\\molecule-pagination-hoc\\node_modules\\jest-jasmine2\\build\\queueRunner.js:26:19)\n    at C:\\projects\\molecule-pagination-hoc\\node_modules\\jest-jasmine2\\build\\queueRunner.js:73:41\n    at processTicksAndRejections (internal/process/task_queues.js:93:5)"],"fullName":"<Pagination /> should take inherited styles","location":null,"status":"failed","title":"should take inherited styles"},{"ancestorTitles":["<Pagination />"],"failureMessages":["Error: \u001b[2mexpect(\u001b[22m\u001b[31mreceived\u001b[39m\u001b[2m).\u001b[22mtoEqual\u001b[2m(\u001b[22m\u001b[32mexpected\u001b[39m\u001b[2m) // deep equality\u001b[22m\n\nExpected: \u001b[32m0\u001b[39m\nReceived: \u001b[31m1\u001b[39m\n    at Object.alwaysFalse (C:\\projects\\molecule-pagination-hoc\\lib\\components\\molecules\\Pagination\\tests\\Pagination.test.js:9:38)\n    at Object.asyncJestTest (C:\\projects\\molecule-pagination-hoc\\node_modules\\jest-jasmine2\\build\\jasmineAsyncInstall.js:102:37)\n    at C:\\projects\\molecule-pagination-hoc\\node_modules\\jest-jasmine2\\build\\queueRunner.js:43:12\n    at new Promise (<anonymous>)\n    at mapper (C:\\projects\\molecule-pagination-hoc\\node_modules\\jest-jasmine2\\build\\queueRunner.js:26:19)\n    at C:\\projects\\molecule-pagination-hoc\\node_modules\\jest-jasmine2\\build\\queueRunner.js:73:41\n    at processTicksAndRejections (internal/process/task_queues.js:93:5)"],"fullName":"<Pagination /> should accept an array","location":null,"status":"failed","title":"should accept an array"},{"ancestorTitles":["<Pagination />"],"failureMessages":["Error: \u001b[2mexpect(\u001b[22m\u001b[31mreceived\u001b[39m\u001b[2m).\u001b[22mtoEqual\u001b[2m(\u001b[22m\u001b[32mexpected\u001b[39m\u001b[2m) // deep equality\u001b[22m\n\nExpected: \u001b[32m0\u001b[39m\nReceived: \u001b[31m1\u001b[39m\n    at Object.alwaysFalse (C:\\projects\\molecule-pagination-hoc\\lib\\components\\molecules\\Pagination\\tests\\Pagination.test.js:9:38)\n    at Object.asyncJestTest (C:\\projects\\molecule-pagination-hoc\\node_modules\\jest-jasmine2\\build\\jasmineAsyncInstall.js:102:37)\n    at C:\\projects\\molecule-pagination-hoc\\node_modules\\jest-jasmine2\\build\\queueRunner.js:43:12\n    at new Promise (<anonymous>)\n    at mapper (C:\\projects\\molecule-pagination-hoc\\node_modules\\jest-jasmine2\\build\\queueRunner.js:26:19)\n    at C:\\projects\\molecule-pagination-hoc\\node_modules\\jest-jasmine2\\build\\queueRunner.js:73:41\n    at processTicksAndRejections (internal/process/task_queues.js:93:5)"],"fullName":"<Pagination /> should not show any buttons if page size is 1","location":null,"status":"failed","title":"should not show any buttons if page size is 1"},{"ancestorTitles":["<Pagination />"],"failureMessages":["Error: \u001b[2mexpect(\u001b[22m\u001b[31mreceived\u001b[39m\u001b[2m).\u001b[22mtoEqual\u001b[2m(\u001b[22m\u001b[32mexpected\u001b[39m\u001b[2m) // deep equality\u001b[22m\n\nExpected: \u001b[32m0\u001b[39m\nReceived: \u001b[31m1\u001b[39m\n    at Object.alwaysFalse (C:\\projects\\molecule-pagination-hoc\\lib\\components\\molecules\\Pagination\\tests\\Pagination.test.js:9:38)\n    at Object.asyncJestTest (C:\\projects\\molecule-pagination-hoc\\node_modules\\jest-jasmine2\\build\\jasmineAsyncInstall.js:102:37)\n    at C:\\projects\\molecule-pagination-hoc\\node_modules\\jest-jasmine2\\build\\queueRunner.js:43:12\n    at new Promise (<anonymous>)\n    at mapper (C:\\projects\\molecule-pagination-hoc\\node_modules\\jest-jasmine2\\build\\queueRunner.js:26:19)\n    at C:\\projects\\molecule-pagination-hoc\\node_modules\\jest-jasmine2\\build\\queueRunner.js:73:41\n    at processTicksAndRejections (internal/process/task_queues.js:93:5)"],"fullName":"<Pagination /> should show buttons when pages are more than 1","location":null,"status":"failed","title":"should show buttons when pages are more than 1"},{"ancestorTitles":["<Pagination />"],"failureMessages":["Error: \u001b[2mexpect(\u001b[22m\u001b[31mreceived\u001b[39m\u001b[2m).\u001b[22mtoEqual\u001b[2m(\u001b[22m\u001b[32mexpected\u001b[39m\u001b[2m) // deep equality\u001b[22m\n\nExpected: \u001b[32m0\u001b[39m\nReceived: \u001b[31m1\u001b[39m\n    at Object.alwaysFalse (C:\\projects\\molecule-pagination-hoc\\lib\\components\\molecules\\Pagination\\tests\\Pagination.test.js:9:38)\n    at Object.asyncJestTest (C:\\projects\\molecule-pagination-hoc\\node_modules\\jest-jasmine2\\build\\jasmineAsyncInstall.js:102:37)\n    at C:\\projects\\molecule-pagination-hoc\\node_modules\\jest-jasmine2\\build\\queueRunner.js:43:12\n    at new Promise (<anonymous>)\n    at mapper (C:\\projects\\molecule-pagination-hoc\\node_modules\\jest-jasmine2\\build\\queueRunner.js:26:19)\n    at C:\\projects\\molecule-pagination-hoc\\node_modules\\jest-jasmine2\\build\\queueRunner.js:73:41\n    at processTicksAndRejections (internal/process/task_queues.js:93:5)"],"fullName":"<Pagination /> should contain a next button","location":null,"status":"failed","title":"should contain a next button"},{"ancestorTitles":["<Pagination />"],"failureMessages":["Error: \u001b[2mexpect(\u001b[22m\u001b[31mreceived\u001b[39m\u001b[2m).\u001b[22mtoEqual\u001b[2m(\u001b[22m\u001b[32mexpected\u001b[39m\u001b[2m) // deep equality\u001b[22m\n\nExpected: \u001b[32m0\u001b[39m\nReceived: \u001b[31m1\u001b[39m\n    at Object.alwaysFalse (C:\\projects\\molecule-pagination-hoc\\lib\\components\\molecules\\Pagination\\tests\\Pagination.test.js:9:38)\n    at Object.asyncJestTest (C:\\projects\\molecule-pagination-hoc\\node_modules\\jest-jasmine2\\build\\jasmineAsyncInstall.js:102:37)\n    at C:\\projects\\molecule-pagination-hoc\\node_modules\\jest-jasmine2\\build\\queueRunner.js:43:12\n    at new Promise (<anonymous>)\n    at mapper (C:\\projects\\molecule-pagination-hoc\\node_modules\\jest-jasmine2\\build\\queueRunner.js:26:19)\n    at C:\\projects\\molecule-pagination-hoc\\node_modules\\jest-jasmine2\\build\\queueRunner.js:73:41\n    at processTicksAndRejections (internal/process/task_queues.js:93:5)"],"fullName":"<Pagination /> should contain a previous button","location":null,"status":"failed","title":"should contain a previous button"},{"ancestorTitles":["<Pagination />"],"failureMessages":["Error: \u001b[2mexpect(\u001b[22m\u001b[31mreceived\u001b[39m\u001b[2m).\u001b[22mtoEqual\u001b[2m(\u001b[22m\u001b[32mexpected\u001b[39m\u001b[2m) // deep equality\u001b[22m\n\nExpected: \u001b[32m0\u001b[39m\nReceived: \u001b[31m1\u001b[39m\n    at Object.alwaysFalse (C:\\projects\\molecule-pagination-hoc\\lib\\components\\molecules\\Pagination\\tests\\Pagination.test.js:9:38)\n    at Object.asyncJestTest (C:\\projects\\molecule-pagination-hoc\\node_modules\\jest-jasmine2\\build\\jasmineAsyncInstall.js:102:37)\n    at C:\\projects\\molecule-pagination-hoc\\node_modules\\jest-jasmine2\\build\\queueRunner.js:43:12\n    at new Promise (<anonymous>)\n    at mapper (C:\\projects\\molecule-pagination-hoc\\node_modules\\jest-jasmine2\\build\\queueRunner.js:26:19)\n    at C:\\projects\\molecule-pagination-hoc\\node_modules\\jest-jasmine2\\build\\queueRunner.js:73:41\n    at processTicksAndRejections (internal/process/task_queues.js:93:5)"],"fullName":"<Pagination /> should contain a Goto Last page button","location":null,"status":"failed","title":"should contain a Goto Last page button"},{"ancestorTitles":["<Pagination />"],"failureMessages":["Error: \u001b[2mexpect(\u001b[22m\u001b[31mreceived\u001b[39m\u001b[2m).\u001b[22mtoEqual\u001b[2m(\u001b[22m\u001b[32mexpected\u001b[39m\u001b[2m) // deep equality\u001b[22m\n\nExpected: \u001b[32m0\u001b[39m\nReceived: \u001b[31m1\u001b[39m\n    at Object.alwaysFalse (C:\\projects\\molecule-pagination-hoc\\lib\\components\\molecules\\Pagination\\tests\\Pagination.test.js:9:38)\n    at Object.asyncJestTest (C:\\projects\\molecule-pagination-hoc\\node_modules\\jest-jasmine2\\build\\jasmineAsyncInstall.js:102:37)\n    at C:\\projects\\molecule-pagination-hoc\\node_modules\\jest-jasmine2\\build\\queueRunner.js:43:12\n    at new Promise (<anonymous>)\n    at mapper (C:\\projects\\molecule-pagination-hoc\\node_modules\\jest-jasmine2\\build\\queueRunner.js:26:19)\n    at C:\\projects\\molecule-pagination-hoc\\node_modules\\jest-jasmine2\\build\\queueRunner.js:73:41\n    at processTicksAndRejections (internal/process/task_queues.js:93:5)"],"fullName":"<Pagination /> should contain a goto 1st page button","location":null,"status":"failed","title":"should contain a goto 1st page button"},{"ancestorTitles":["<Pagination />"],"failureMessages":["Error: \u001b[2mexpect(\u001b[22m\u001b[31mreceived\u001b[39m\u001b[2m).\u001b[22mtoEqual\u001b[2m(\u001b[22m\u001b[32mexpected\u001b[39m\u001b[2m) // deep equality\u001b[22m\n\nExpected: \u001b[32m0\u001b[39m\nReceived: \u001b[31m1\u001b[39m\n    at Object.alwaysFalse (C:\\projects\\molecule-pagination-hoc\\lib\\components\\molecules\\Pagination\\tests\\Pagination.test.js:9:38)\n    at Object.asyncJestTest (C:\\projects\\molecule-pagination-hoc\\node_modules\\jest-jasmine2\\build\\jasmineAsyncInstall.js:102:37)\n    at C:\\projects\\molecule-pagination-hoc\\node_modules\\jest-jasmine2\\build\\queueRunner.js:43:12\n    at new Promise (<anonymous>)\n    at mapper (C:\\projects\\molecule-pagination-hoc\\node_modules\\jest-jasmine2\\build\\queueRunner.js:26:19)\n    at C:\\projects\\molecule-pagination-hoc\\node_modules\\jest-jasmine2\\build\\queueRunner.js:73:41\n    at processTicksAndRejections (internal/process/task_queues.js:93:5)"],"fullName":"<Pagination /> should contain a max-pages property","location":null,"status":"failed","title":"should contain a max-pages property"},{"ancestorTitles":["<Pagination />"],"failureMessages":["Error: \u001b[2mexpect(\u001b[22m\u001b[31mreceived\u001b[39m\u001b[2m).\u001b[22mtoEqual\u001b[2m(\u001b[22m\u001b[32mexpected\u001b[39m\u001b[2m) // deep equality\u001b[22m\n\nExpected: \u001b[32m0\u001b[39m\nReceived: \u001b[31m1\u001b[39m\n    at Object.alwaysFalse (C:\\projects\\molecule-pagination-hoc\\lib\\components\\molecules\\Pagination\\tests\\Pagination.test.js:9:38)\n    at Object.asyncJestTest (C:\\projects\\molecule-pagination-hoc\\node_modules\\jest-jasmine2\\build\\jasmineAsyncInstall.js:102:37)\n    at C:\\projects\\molecule-pagination-hoc\\node_modules\\jest-jasmine2\\build\\queueRunner.js:43:12\n    at new Promise (<anonymous>)\n    at mapper (C:\\projects\\molecule-pagination-hoc\\node_modules\\jest-jasmine2\\build\\queueRunner.js:26:19)\n    at C:\\projects\\molecule-pagination-hoc\\node_modules\\jest-jasmine2\\build\\queueRunner.js:73:41\n    at processTicksAndRejections (internal/process/task_queues.js:93:5)"],"fullName":"<Pagination /> should contain a min-page propery","location":null,"status":"failed","title":"should contain a min-page propery"},{"ancestorTitles":["<Pagination />"],"failureMessages":["Error: \u001b[2mexpect(\u001b[22m\u001b[31mreceived\u001b[39m\u001b[2m).\u001b[22mtoEqual\u001b[2m(\u001b[22m\u001b[32mexpected\u001b[39m\u001b[2m) // deep equality\u001b[22m\n\nExpected: \u001b[32m0\u001b[39m\nReceived: \u001b[31m1\u001b[39m\n    at Object.alwaysFalse (C:\\projects\\molecule-pagination-hoc\\lib\\components\\molecules\\Pagination\\tests\\Pagination.test.js:9:38)\n    at Object.asyncJestTest (C:\\projects\\molecule-pagination-hoc\\node_modules\\jest-jasmine2\\build\\jasmineAsyncInstall.js:102:37)\n    at C:\\projects\\molecule-pagination-hoc\\node_modules\\jest-jasmine2\\build\\queueRunner.js:43:12\n    at new Promise (<anonymous>)\n    at mapper (C:\\projects\\molecule-pagination-hoc\\node_modules\\jest-jasmine2\\build\\queueRunner.js:26:19)\n    at C:\\projects\\molecule-pagination-hoc\\node_modules\\jest-jasmine2\\build\\queueRunner.js:73:41\n    at processTicksAndRejections (internal/process/task_queues.js:93:5)"],"fullName":"<Pagination /> goto first page button should be displayed if page size is more than 5","location":null,"status":"failed","title":"goto first page button should be displayed if page size is more than 5"},{"ancestorTitles":["<Pagination />"],"failureMessages":["Error: \u001b[2mexpect(\u001b[22m\u001b[31mreceived\u001b[39m\u001b[2m).\u001b[22mtoEqual\u001b[2m(\u001b[22m\u001b[32mexpected\u001b[39m\u001b[2m) // deep equality\u001b[22m\n\nExpected: \u001b[32m0\u001b[39m\nReceived: \u001b[31m1\u001b[39m\n    at Object.alwaysFalse (C:\\projects\\molecule-pagination-hoc\\lib\\components\\molecules\\Pagination\\tests\\Pagination.test.js:9:38)\n    at Object.asyncJestTest (C:\\projects\\molecule-pagination-hoc\\node_modules\\jest-jasmine2\\build\\jasmineAsyncInstall.js:102:37)\n    at C:\\projects\\molecule-pagination-hoc\\node_modules\\jest-jasmine2\\build\\queueRunner.js:43:12\n    at new Promise (<anonymous>)\n    at mapper (C:\\projects\\molecule-pagination-hoc\\node_modules\\jest-jasmine2\\build\\queueRunner.js:26:19)\n    at C:\\projects\\molecule-pagination-hoc\\node_modules\\jest-jasmine2\\build\\queueRunner.js:73:41\n    at processTicksAndRejections (internal/process/task_queues.js:93:5)"],"fullName":"<Pagination /> goto last page button should be displayed if page size is greater than max-pages","location":null,"status":"failed","title":"goto last page button should be displayed if page size is greater than max-pages"},{"ancestorTitles":["<Pagination />"],"failureMessages":["Error: \u001b[2mexpect(\u001b[22m\u001b[31mreceived\u001b[39m\u001b[2m).\u001b[22mtoEqual\u001b[2m(\u001b[22m\u001b[32mexpected\u001b[39m\u001b[2m) // deep equality\u001b[22m\n\nExpected: \u001b[32m0\u001b[39m\nReceived: \u001b[31m1\u001b[39m\n    at Object.alwaysFalse (C:\\projects\\molecule-pagination-hoc\\lib\\components\\molecules\\Pagination\\tests\\Pagination.test.js:9:38)\n    at Object.asyncJestTest (C:\\projects\\molecule-pagination-hoc\\node_modules\\jest-jasmine2\\build\\jasmineAsyncInstall.js:102:37)\n    at C:\\projects\\molecule-pagination-hoc\\node_modules\\jest-jasmine2\\build\\queueRunner.js:43:12\n    at new Promise (<anonymous>)\n    at mapper (C:\\projects\\molecule-pagination-hoc\\node_modules\\jest-jasmine2\\build\\queueRunner.js:26:19)\n    at C:\\projects\\molecule-pagination-hoc\\node_modules\\jest-jasmine2\\build\\queueRunner.js:73:41\n    at processTicksAndRejections (internal/process/task_queues.js:93:5)"],"fullName":"<Pagination /> should contain a smartPaginate flag","location":null,"status":"failed","title":"should contain a smartPaginate flag"}],"endTime":1577971168894,"message":"\u001b[1m\u001b[31m  \u001b[1m● \u001b[1m<Pagination /> › should take inherited styles\u001b[39m\u001b[22m\n\n    TypeError: render is not a function\n\u001b[2m\u001b[22m\n\u001b[2m    \u001b[0m \u001b[90m 25 | \u001b[39m  \u001b[0m\u001b[22m\n\u001b[2m    \u001b[0m \u001b[90m 26 | \u001b[39m  \u001b[36mreturn\u001b[39m \u001b[33m<\u001b[39m\u001b[33mdiv\u001b[39m\u001b[33m>\u001b[39m\u001b[0m\u001b[22m\n\u001b[2m    \u001b[0m\u001b[31m\u001b[1m>\u001b[2m\u001b[39m\u001b[90m 27 | \u001b[39m    {render({rows\u001b[33m:\u001b[39mactiveRows})}\u001b[0m\u001b[22m\n\u001b[2m    \u001b[0m \u001b[90m    | \u001b[39m     \u001b[31m\u001b[1m^\u001b[2m\u001b[39m\u001b[0m\u001b[22m\n\u001b[2m    \u001b[0m \u001b[90m 28 | \u001b[39m    \u001b[33m<\u001b[39m\u001b[33mdiv\u001b[39m\u001b[33m>\u001b[39m{buttons}\u001b[33m<\u001b[39m\u001b[33m/\u001b[39m\u001b[33mdiv\u001b[39m\u001b[33m>\u001b[39m\u001b[0m\u001b[22m\n\u001b[2m    \u001b[0m \u001b[90m 29 | \u001b[39m  \u001b[33m<\u001b[39m\u001b[33m/\u001b[39m\u001b[33mdiv\u001b[39m\u001b[33m>\u001b[39m\u001b[33m;\u001b[39m\u001b[0m\u001b[22m\n\u001b[2m    \u001b[0m \u001b[90m 30 | \u001b[39m}\u001b[33m;\u001b[39m\u001b[0m\u001b[22m\n\u001b[2m\u001b[22m\n\u001b[2m      \u001b[2mat Pagination (\u001b[2mlib/components/molecules/Pagination/Pagination.js\u001b[2m:27:6)\u001b[2m\u001b[22m\n\u001b[2m      \u001b[2mat processChild (\u001b[2mnode_modules/react-dom/cjs/react-dom-server.node.development.js\u001b[2m:3204:14)\u001b[2m\u001b[22m\n\u001b[2m      \u001b[2mat resolve (\u001b[2mnode_modules/react-dom/cjs/react-dom-server.node.development.js\u001b[2m:3124:5)\u001b[2m\u001b[22m\n\u001b[2m      \u001b[2mat ReactDOMServerRenderer.render (\u001b[2mnode_modules/react-dom/cjs/react-dom-server.node.development.js\u001b[2m:3598:22)\u001b[2m\u001b[22m\n\u001b[2m      \u001b[2mat ReactDOMServerRenderer.read (\u001b[2mnode_modules/react-dom/cjs/react-dom-server.node.development.js\u001b[2m:3536:29)\u001b[2m\u001b[22m\n\u001b[2m      \u001b[2mat Object.renderToStaticMarkup (\u001b[2mnode_modules/react-dom/cjs/react-dom-server.node.development.js\u001b[2m:4261:27)\u001b[2m\u001b[22m\n\u001b[2m      \u001b[2mat Object.render (\u001b[2mnode_modules/enzyme-adapter-react-16/src/ReactSixteenAdapter.js\u001b[2m:751:31)\u001b[2m\u001b[22m\n\u001b[2m      \u001b[2mat ShallowWrapper.call (\u001b[2mnode_modules/enzyme/src/ShallowWrapper.js\u001b[2m:1108:23)\u001b[2m\u001b[22m\n\u001b[2m      \u001b[2mat ShallowWrapper.single (\u001b[2mnode_modules/enzyme/src/ShallowWrapper.js\u001b[2m:1654:21)\u001b[2m\u001b[22m\n\u001b[2m      \u001b[2mat ShallowWrapper.html (\u001b[2mnode_modules/enzyme/src/ShallowWrapper.js\u001b[2m:1104:17)\u001b[2m\u001b[22m\n\u001b[2m      \u001b[2mat Object.<anonymous> (\u001b[2m\u001b[0m\u001b[36mlib/components/molecules/Pagination/tests/Pagination.test.js\u001b[39m\u001b[0m\u001b[2m:17:32)\u001b[2m\u001b[22m\n\n\u001b[1m\u001b[31m  \u001b[1m● \u001b[1m<Pagination /> › should accept an array\u001b[39m\u001b[22m\n\n    \u001b[2mexpect(\u001b[22m\u001b[31mreceived\u001b[39m\u001b[2m).\u001b[22mtoEqual\u001b[2m(\u001b[22m\u001b[32mexpected\u001b[39m\u001b[2m) // deep equality\u001b[22m\n\n    Expected: \u001b[32m0\u001b[39m\n    Received: \u001b[31m1\u001b[39m\n\u001b[2m\u001b[22m\n\u001b[2m    \u001b[0m \u001b[90m  7 | \u001b[39m\u001b[36mimport\u001b[39m \u001b[33mPagination\u001b[39m\u001b[33m,\u001b[39m { \u001b[33mPaginationVanilla\u001b[39m } from \u001b[32m'../index'\u001b[39m\u001b[33m;\u001b[39m\u001b[0m\u001b[22m\n\u001b[2m    \u001b[0m \u001b[90m  8 | \u001b[39m\u001b[0m\u001b[22m\n\u001b[2m    \u001b[0m\u001b[31m\u001b[1m>\u001b[2m\u001b[39m\u001b[90m  9 | \u001b[39m\u001b[36mconst\u001b[39m alwaysFalse \u001b[33m=\u001b[39m () \u001b[33m=>\u001b[39m {expect(\u001b[35m1\u001b[39m)\u001b[33m.\u001b[39mtoEqual(\u001b[35m0\u001b[39m)}\u001b[33m;\u001b[39m\u001b[0m\u001b[22m\n\u001b[2m    \u001b[0m \u001b[90m    | \u001b[39m                                     \u001b[31m\u001b[1m^\u001b[2m\u001b[39m\u001b[0m\u001b[22m\n\u001b[2m    \u001b[0m \u001b[90m 10 | \u001b[39mdescribe(\u001b[32m'<Pagination />'\u001b[39m\u001b[33m,\u001b[39m () \u001b[33m=>\u001b[39m {\u001b[0m\u001b[22m\n\u001b[2m    \u001b[0m \u001b[90m 11 | \u001b[39m  let \u001b[33mPaginationComponent\u001b[39m \u001b[33m=\u001b[39m \u001b[32m''\u001b[39m\u001b[33m;\u001b[39m\u001b[0m\u001b[22m\n\u001b[2m    \u001b[0m \u001b[90m 12 | \u001b[39m  beforeEach(() \u001b[33m=>\u001b[39m {\u001b[0m\u001b[22m\n\u001b[2m\u001b[22m\n\u001b[2m      \u001b[2mat Object.alwaysFalse (\u001b[2m\u001b[0m\u001b[36mlib/components/molecules/Pagination/tests/Pagination.test.js\u001b[39m\u001b[0m\u001b[2m:9:38)\u001b[2m\u001b[22m\n\n\u001b[1m\u001b[31m  \u001b[1m● \u001b[1m<Pagination /> › should not show any buttons if page size is 1\u001b[39m\u001b[22m\n\n    \u001b[2mexpect(\u001b[22m\u001b[31mreceived\u001b[39m\u001b[2m).\u001b[22mtoEqual\u001b[2m(\u001b[22m\u001b[32mexpected\u001b[39m\u001b[2m) // deep equality\u001b[22m\n\n    Expected: \u001b[32m0\u001b[39m\n    Received: \u001b[31m1\u001b[39m\n\u001b[2m\u001b[22m\n\u001b[2m    \u001b[0m \u001b[90m  7 | \u001b[39m\u001b[36mimport\u001b[39m \u001b[33mPagination\u001b[39m\u001b[33m,\u001b[39m { \u001b[33mPaginationVanilla\u001b[39m } from \u001b[32m'../index'\u001b[39m\u001b[33m;\u001b[39m\u001b[0m\u001b[22m\n\u001b[2m    \u001b[0m \u001b[90m  8 | \u001b[39m\u001b[0m\u001b[22m\n\u001b[2m    \u001b[0m\u001b[31m\u001b[1m>\u001b[2m\u001b[39m\u001b[90m  9 | \u001b[39m\u001b[36mconst\u001b[39m alwaysFalse \u001b[33m=\u001b[39m () \u001b[33m=>\u001b[39m {expect(\u001b[35m1\u001b[39m)\u001b[33m.\u001b[39mtoEqual(\u001b[35m0\u001b[39m)}\u001b[33m;\u001b[39m\u001b[0m\u001b[22m\n\u001b[2m    \u001b[0m \u001b[90m    | \u001b[39m                                     \u001b[31m\u001b[1m^\u001b[2m\u001b[39m\u001b[0m\u001b[22m\n\u001b[2m    \u001b[0m \u001b[90m 10 | \u001b[39mdescribe(\u001b[32m'<Pagination />'\u001b[39m\u001b[33m,\u001b[39m () \u001b[33m=>\u001b[39m {\u001b[0m\u001b[22m\n\u001b[2m    \u001b[0m \u001b[90m 11 | \u001b[39m  let \u001b[33mPaginationComponent\u001b[39m \u001b[33m=\u001b[39m \u001b[32m''\u001b[39m\u001b[33m;\u001b[39m\u001b[0m\u001b[22m\n\u001b[2m    \u001b[0m \u001b[90m 12 | \u001b[39m  beforeEach(() \u001b[33m=>\u001b[39m {\u001b[0m\u001b[22m\n\u001b[2m\u001b[22m\n\u001b[2m      \u001b[2mat Object.alwaysFalse (\u001b[2m\u001b[0m\u001b[36mlib/components/molecules/Pagination/tests/Pagination.test.js\u001b[39m\u001b[0m\u001b[2m:9:38)\u001b[2m\u001b[22m\n\n\u001b[1m\u001b[31m  \u001b[1m● \u001b[1m<Pagination /> › should show buttons when pages are more than 1\u001b[39m\u001b[22m\n\n    \u001b[2mexpect(\u001b[22m\u001b[31mreceived\u001b[39m\u001b[2m).\u001b[22mtoEqual\u001b[2m(\u001b[22m\u001b[32mexpected\u001b[39m\u001b[2m) // deep equality\u001b[22m\n\n    Expected: \u001b[32m0\u001b[39m\n    Received: \u001b[31m1\u001b[39m\n\u001b[2m\u001b[22m\n\u001b[2m    \u001b[0m \u001b[90m  7 | \u001b[39m\u001b[36mimport\u001b[39m \u001b[33mPagination\u001b[39m\u001b[33m,\u001b[39m { \u001b[33mPaginationVanilla\u001b[39m } from \u001b[32m'../index'\u001b[39m\u001b[33m;\u001b[39m\u001b[0m\u001b[22m\n\u001b[2m    \u001b[0m \u001b[90m  8 | \u001b[39m\u001b[0m\u001b[22m\n\u001b[2m    \u001b[0m\u001b[31m\u001b[1m>\u001b[2m\u001b[39m\u001b[90m  9 | \u001b[39m\u001b[36mconst\u001b[39m alwaysFalse \u001b[33m=\u001b[39m () \u001b[33m=>\u001b[39m {expect(\u001b[35m1\u001b[39m)\u001b[33m.\u001b[39mtoEqual(\u001b[35m0\u001b[39m)}\u001b[33m;\u001b[39m\u001b[0m\u001b[22m\n\u001b[2m    \u001b[0m \u001b[90m    | \u001b[39m                                     \u001b[31m\u001b[1m^\u001b[2m\u001b[39m\u001b[0m\u001b[22m\n\u001b[2m    \u001b[0m \u001b[90m 10 | \u001b[39mdescribe(\u001b[32m'<Pagination />'\u001b[39m\u001b[33m,\u001b[39m () \u001b[33m=>\u001b[39m {\u001b[0m\u001b[22m\n\u001b[2m    \u001b[0m \u001b[90m 11 | \u001b[39m  let \u001b[33mPaginationComponent\u001b[39m \u001b[33m=\u001b[39m \u001b[32m''\u001b[39m\u001b[33m;\u001b[39m\u001b[0m\u001b[22m\n\u001b[2m    \u001b[0m \u001b[90m 12 | \u001b[39m  beforeEach(() \u001b[33m=>\u001b[39m {\u001b[0m\u001b[22m\n\u001b[2m\u001b[22m\n\u001b[2m      \u001b[2mat Object.alwaysFalse (\u001b[2m\u001b[0m\u001b[36mlib/components/molecules/Pagination/tests/Pagination.test.js\u001b[39m\u001b[0m\u001b[2m:9:38)\u001b[2m\u001b[22m\n\n\u001b[1m\u001b[31m  \u001b[1m● \u001b[1m<Pagination /> › should contain a next button\u001b[39m\u001b[22m\n\n    \u001b[2mexpect(\u001b[22m\u001b[31mreceived\u001b[39m\u001b[2m).\u001b[22mtoEqual\u001b[2m(\u001b[22m\u001b[32mexpected\u001b[39m\u001b[2m) // deep equality\u001b[22m\n\n    Expected: \u001b[32m0\u001b[39m\n    Received: \u001b[31m1\u001b[39m\n\u001b[2m\u001b[22m\n\u001b[2m    \u001b[0m \u001b[90m  7 | \u001b[39m\u001b[36mimport\u001b[39m \u001b[33mPagination\u001b[39m\u001b[33m,\u001b[39m { \u001b[33mPaginationVanilla\u001b[39m } from \u001b[32m'../index'\u001b[39m\u001b[33m;\u001b[39m\u001b[0m\u001b[22m\n\u001b[2m    \u001b[0m \u001b[90m  8 | \u001b[39m\u001b[0m\u001b[22m\n\u001b[2m    \u001b[0m\u001b[31m\u001b[1m>\u001b[2m\u001b[39m\u001b[90m  9 | \u001b[39m\u001b[36mconst\u001b[39m alwaysFalse \u001b[33m=\u001b[39m () \u001b[33m=>\u001b[39m {expect(\u001b[35m1\u001b[39m)\u001b[33m.\u001b[39mtoEqual(\u001b[35m0\u001b[39m)}\u001b[33m;\u001b[39m\u001b[0m\u001b[22m\n\u001b[2m    \u001b[0m \u001b[90m    | \u001b[39m                                     \u001b[31m\u001b[1m^\u001b[2m\u001b[39m\u001b[0m\u001b[22m\n\u001b[2m    \u001b[0m \u001b[90m 10 | \u001b[39mdescribe(\u001b[32m'<Pagination />'\u001b[39m\u001b[33m,\u001b[39m () \u001b[33m=>\u001b[39m {\u001b[0m\u001b[22m\n\u001b[2m    \u001b[0m \u001b[90m 11 | \u001b[39m  let \u001b[33mPaginationComponent\u001b[39m \u001b[33m=\u001b[39m \u001b[32m''\u001b[39m\u001b[33m;\u001b[39m\u001b[0m\u001b[22m\n\u001b[2m    \u001b[0m \u001b[90m 12 | \u001b[39m  beforeEach(() \u001b[33m=>\u001b[39m {\u001b[0m\u001b[22m\n\u001b[2m\u001b[22m\n\u001b[2m      \u001b[2mat Object.alwaysFalse (\u001b[2m\u001b[0m\u001b[36mlib/components/molecules/Pagination/tests/Pagination.test.js\u001b[39m\u001b[0m\u001b[2m:9:38)\u001b[2m\u001b[22m\n\n\u001b[1m\u001b[31m  \u001b[1m● \u001b[1m<Pagination /> › should contain a previous button\u001b[39m\u001b[22m\n\n    \u001b[2mexpect(\u001b[22m\u001b[31mreceived\u001b[39m\u001b[2m).\u001b[22mtoEqual\u001b[2m(\u001b[22m\u001b[32mexpected\u001b[39m\u001b[2m) // deep equality\u001b[22m\n\n    Expected: \u001b[32m0\u001b[39m\n    Received: \u001b[31m1\u001b[39m\n\u001b[2m\u001b[22m\n\u001b[2m    \u001b[0m \u001b[90m  7 | \u001b[39m\u001b[36mimport\u001b[39m \u001b[33mPagination\u001b[39m\u001b[33m,\u001b[39m { \u001b[33mPaginationVanilla\u001b[39m } from \u001b[32m'../index'\u001b[39m\u001b[33m;\u001b[39m\u001b[0m\u001b[22m\n\u001b[2m    \u001b[0m \u001b[90m  8 | \u001b[39m\u001b[0m\u001b[22m\n\u001b[2m    \u001b[0m\u001b[31m\u001b[1m>\u001b[2m\u001b[39m\u001b[90m  9 | \u001b[39m\u001b[36mconst\u001b[39m alwaysFalse \u001b[33m=\u001b[39m () \u001b[33m=>\u001b[39m {expect(\u001b[35m1\u001b[39m)\u001b[33m.\u001b[39mtoEqual(\u001b[35m0\u001b[39m)}\u001b[33m;\u001b[39m\u001b[0m\u001b[22m\n\u001b[2m    \u001b[0m \u001b[90m    | \u001b[39m                                     \u001b[31m\u001b[1m^\u001b[2m\u001b[39m\u001b[0m\u001b[22m\n\u001b[2m    \u001b[0m \u001b[90m 10 | \u001b[39mdescribe(\u001b[32m'<Pagination />'\u001b[39m\u001b[33m,\u001b[39m () \u001b[33m=>\u001b[39m {\u001b[0m\u001b[22m\n\u001b[2m    \u001b[0m \u001b[90m 11 | \u001b[39m  let \u001b[33mPaginationComponent\u001b[39m \u001b[33m=\u001b[39m \u001b[32m''\u001b[39m\u001b[33m;\u001b[39m\u001b[0m\u001b[22m\n\u001b[2m    \u001b[0m \u001b[90m 12 | \u001b[39m  beforeEach(() \u001b[33m=>\u001b[39m {\u001b[0m\u001b[22m\n\u001b[2m\u001b[22m\n\u001b[2m      \u001b[2mat Object.alwaysFalse (\u001b[2m\u001b[0m\u001b[36mlib/components/molecules/Pagination/tests/Pagination.test.js\u001b[39m\u001b[0m\u001b[2m:9:38)\u001b[2m\u001b[22m\n\n\u001b[1m\u001b[31m  \u001b[1m● \u001b[1m<Pagination /> › should contain a Goto Last page button\u001b[39m\u001b[22m\n\n    \u001b[2mexpect(\u001b[22m\u001b[31mreceived\u001b[39m\u001b[2m).\u001b[22mtoEqual\u001b[2m(\u001b[22m\u001b[32mexpected\u001b[39m\u001b[2m) // deep equality\u001b[22m\n\n    Expected: \u001b[32m0\u001b[39m\n    Received: \u001b[31m1\u001b[39m\n\u001b[2m\u001b[22m\n\u001b[2m    \u001b[0m \u001b[90m  7 | \u001b[39m\u001b[36mimport\u001b[39m \u001b[33mPagination\u001b[39m\u001b[33m,\u001b[39m { \u001b[33mPaginationVanilla\u001b[39m } from \u001b[32m'../index'\u001b[39m\u001b[33m;\u001b[39m\u001b[0m\u001b[22m\n\u001b[2m    \u001b[0m \u001b[90m  8 | \u001b[39m\u001b[0m\u001b[22m\n\u001b[2m    \u001b[0m\u001b[31m\u001b[1m>\u001b[2m\u001b[39m\u001b[90m  9 | \u001b[39m\u001b[36mconst\u001b[39m alwaysFalse \u001b[33m=\u001b[39m () \u001b[33m=>\u001b[39m {expect(\u001b[35m1\u001b[39m)\u001b[33m.\u001b[39mtoEqual(\u001b[35m0\u001b[39m)}\u001b[33m;\u001b[39m\u001b[0m\u001b[22m\n\u001b[2m    \u001b[0m \u001b[90m    | \u001b[39m                                     \u001b[31m\u001b[1m^\u001b[2m\u001b[39m\u001b[0m\u001b[22m\n\u001b[2m    \u001b[0m \u001b[90m 10 | \u001b[39mdescribe(\u001b[32m'<Pagination />'\u001b[39m\u001b[33m,\u001b[39m () \u001b[33m=>\u001b[39m {\u001b[0m\u001b[22m\n\u001b[2m    \u001b[0m \u001b[90m 11 | \u001b[39m  let \u001b[33mPaginationComponent\u001b[39m \u001b[33m=\u001b[39m \u001b[32m''\u001b[39m\u001b[33m;\u001b[39m\u001b[0m\u001b[22m\n\u001b[2m    \u001b[0m \u001b[90m 12 | \u001b[39m  beforeEach(() \u001b[33m=>\u001b[39m {\u001b[0m\u001b[22m\n\u001b[2m\u001b[22m\n\u001b[2m      \u001b[2mat Object.alwaysFalse (\u001b[2m\u001b[0m\u001b[36mlib/components/molecules/Pagination/tests/Pagination.test.js\u001b[39m\u001b[0m\u001b[2m:9:38)\u001b[2m\u001b[22m\n\n\u001b[1m\u001b[31m  \u001b[1m● \u001b[1m<Pagination /> › should contain a goto 1st page button\u001b[39m\u001b[22m\n\n    \u001b[2mexpect(\u001b[22m\u001b[31mreceived\u001b[39m\u001b[2m).\u001b[22mtoEqual\u001b[2m(\u001b[22m\u001b[32mexpected\u001b[39m\u001b[2m) // deep equality\u001b[22m\n\n    Expected: \u001b[32m0\u001b[39m\n    Received: \u001b[31m1\u001b[39m\n\u001b[2m\u001b[22m\n\u001b[2m    \u001b[0m \u001b[90m  7 | \u001b[39m\u001b[36mimport\u001b[39m \u001b[33mPagination\u001b[39m\u001b[33m,\u001b[39m { \u001b[33mPaginationVanilla\u001b[39m } from \u001b[32m'../index'\u001b[39m\u001b[33m;\u001b[39m\u001b[0m\u001b[22m\n\u001b[2m    \u001b[0m \u001b[90m  8 | \u001b[39m\u001b[0m\u001b[22m\n\u001b[2m    \u001b[0m\u001b[31m\u001b[1m>\u001b[2m\u001b[39m\u001b[90m  9 | \u001b[39m\u001b[36mconst\u001b[39m alwaysFalse \u001b[33m=\u001b[39m () \u001b[33m=>\u001b[39m {expect(\u001b[35m1\u001b[39m)\u001b[33m.\u001b[39mtoEqual(\u001b[35m0\u001b[39m)}\u001b[33m;\u001b[39m\u001b[0m\u001b[22m\n\u001b[2m    \u001b[0m \u001b[90m    | \u001b[39m                                     \u001b[31m\u001b[1m^\u001b[2m\u001b[39m\u001b[0m\u001b[22m\n\u001b[2m    \u001b[0m \u001b[90m 10 | \u001b[39mdescribe(\u001b[32m'<Pagination />'\u001b[39m\u001b[33m,\u001b[39m () \u001b[33m=>\u001b[39m {\u001b[0m\u001b[22m\n\u001b[2m    \u001b[0m \u001b[90m 11 | \u001b[39m  let \u001b[33mPaginationComponent\u001b[39m \u001b[33m=\u001b[39m \u001b[32m''\u001b[39m\u001b[33m;\u001b[39m\u001b[0m\u001b[22m\n\u001b[2m    \u001b[0m \u001b[90m 12 | \u001b[39m  beforeEach(() \u001b[33m=>\u001b[39m {\u001b[0m\u001b[22m\n\u001b[2m\u001b[22m\n\u001b[2m      \u001b[2mat Object.alwaysFalse (\u001b[2m\u001b[0m\u001b[36mlib/components/molecules/Pagination/tests/Pagination.test.js\u001b[39m\u001b[0m\u001b[2m:9:38)\u001b[2m\u001b[22m\n\n\u001b[1m\u001b[31m  \u001b[1m● \u001b[1m<Pagination /> › should contain a max-pages property\u001b[39m\u001b[22m\n\n    \u001b[2mexpect(\u001b[22m\u001b[31mreceived\u001b[39m\u001b[2m).\u001b[22mtoEqual\u001b[2m(\u001b[22m\u001b[32mexpected\u001b[39m\u001b[2m) // deep equality\u001b[22m\n\n    Expected: \u001b[32m0\u001b[39m\n    Received: \u001b[31m1\u001b[39m\n\u001b[2m\u001b[22m\n\u001b[2m    \u001b[0m \u001b[90m  7 | \u001b[39m\u001b[36mimport\u001b[39m \u001b[33mPagination\u001b[39m\u001b[33m,\u001b[39m { \u001b[33mPaginationVanilla\u001b[39m } from \u001b[32m'../index'\u001b[39m\u001b[33m;\u001b[39m\u001b[0m\u001b[22m\n\u001b[2m    \u001b[0m \u001b[90m  8 | \u001b[39m\u001b[0m\u001b[22m\n\u001b[2m    \u001b[0m\u001b[31m\u001b[1m>\u001b[2m\u001b[39m\u001b[90m  9 | \u001b[39m\u001b[36mconst\u001b[39m alwaysFalse \u001b[33m=\u001b[39m () \u001b[33m=>\u001b[39m {expect(\u001b[35m1\u001b[39m)\u001b[33m.\u001b[39mtoEqual(\u001b[35m0\u001b[39m)}\u001b[33m;\u001b[39m\u001b[0m\u001b[22m\n\u001b[2m    \u001b[0m \u001b[90m    | \u001b[39m                                     \u001b[31m\u001b[1m^\u001b[2m\u001b[39m\u001b[0m\u001b[22m\n\u001b[2m    \u001b[0m \u001b[90m 10 | \u001b[39mdescribe(\u001b[32m'<Pagination />'\u001b[39m\u001b[33m,\u001b[39m () \u001b[33m=>\u001b[39m {\u001b[0m\u001b[22m\n\u001b[2m    \u001b[0m \u001b[90m 11 | \u001b[39m  let \u001b[33mPaginationComponent\u001b[39m \u001b[33m=\u001b[39m \u001b[32m''\u001b[39m\u001b[33m;\u001b[39m\u001b[0m\u001b[22m\n\u001b[2m    \u001b[0m \u001b[90m 12 | \u001b[39m  beforeEach(() \u001b[33m=>\u001b[39m {\u001b[0m\u001b[22m\n\u001b[2m\u001b[22m\n\u001b[2m      \u001b[2mat Object.alwaysFalse (\u001b[2m\u001b[0m\u001b[36mlib/components/molecules/Pagination/tests/Pagination.test.js\u001b[39m\u001b[0m\u001b[2m:9:38)\u001b[2m\u001b[22m\n\n\u001b[1m\u001b[31m  \u001b[1m● \u001b[1m<Pagination /> › should contain a min-page propery\u001b[39m\u001b[22m\n\n    \u001b[2mexpect(\u001b[22m\u001b[31mreceived\u001b[39m\u001b[2m).\u001b[22mtoEqual\u001b[2m(\u001b[22m\u001b[32mexpected\u001b[39m\u001b[2m) // deep equality\u001b[22m\n\n    Expected: \u001b[32m0\u001b[39m\n    Received: \u001b[31m1\u001b[39m\n\u001b[2m\u001b[22m\n\u001b[2m    \u001b[0m \u001b[90m  7 | \u001b[39m\u001b[36mimport\u001b[39m \u001b[33mPagination\u001b[39m\u001b[33m,\u001b[39m { \u001b[33mPaginationVanilla\u001b[39m } from \u001b[32m'../index'\u001b[39m\u001b[33m;\u001b[39m\u001b[0m\u001b[22m\n\u001b[2m    \u001b[0m \u001b[90m  8 | \u001b[39m\u001b[0m\u001b[22m\n\u001b[2m    \u001b[0m\u001b[31m\u001b[1m>\u001b[2m\u001b[39m\u001b[90m  9 | \u001b[39m\u001b[36mconst\u001b[39m alwaysFalse \u001b[33m=\u001b[39m () \u001b[33m=>\u001b[39m {expect(\u001b[35m1\u001b[39m)\u001b[33m.\u001b[39mtoEqual(\u001b[35m0\u001b[39m)}\u001b[33m;\u001b[39m\u001b[0m\u001b[22m\n\u001b[2m    \u001b[0m \u001b[90m    | \u001b[39m                                     \u001b[31m\u001b[1m^\u001b[2m\u001b[39m\u001b[0m\u001b[22m\n\u001b[2m    \u001b[0m \u001b[90m 10 | \u001b[39mdescribe(\u001b[32m'<Pagination />'\u001b[39m\u001b[33m,\u001b[39m () \u001b[33m=>\u001b[39m {\u001b[0m\u001b[22m\n\u001b[2m    \u001b[0m \u001b[90m 11 | \u001b[39m  let \u001b[33mPaginationComponent\u001b[39m \u001b[33m=\u001b[39m \u001b[32m''\u001b[39m\u001b[33m;\u001b[39m\u001b[0m\u001b[22m\n\u001b[2m    \u001b[0m \u001b[90m 12 | \u001b[39m  beforeEach(() \u001b[33m=>\u001b[39m {\u001b[0m\u001b[22m\n\u001b[2m\u001b[22m\n\u001b[2m      \u001b[2mat Object.alwaysFalse (\u001b[2m\u001b[0m\u001b[36mlib/components/molecules/Pagination/tests/Pagination.test.js\u001b[39m\u001b[0m\u001b[2m:9:38)\u001b[2m\u001b[22m\n\n\u001b[1m\u001b[31m  \u001b[1m● \u001b[1m<Pagination /> › goto first page button should be displayed if page size is more than 5\u001b[39m\u001b[22m\n\n    \u001b[2mexpect(\u001b[22m\u001b[31mreceived\u001b[39m\u001b[2m).\u001b[22mtoEqual\u001b[2m(\u001b[22m\u001b[32mexpected\u001b[39m\u001b[2m) // deep equality\u001b[22m\n\n    Expected: \u001b[32m0\u001b[39m\n    Received: \u001b[31m1\u001b[39m\n\u001b[2m\u001b[22m\n\u001b[2m    \u001b[0m \u001b[90m  7 | \u001b[39m\u001b[36mimport\u001b[39m \u001b[33mPagination\u001b[39m\u001b[33m,\u001b[39m { \u001b[33mPaginationVanilla\u001b[39m } from \u001b[32m'../index'\u001b[39m\u001b[33m;\u001b[39m\u001b[0m\u001b[22m\n\u001b[2m    \u001b[0m \u001b[90m  8 | \u001b[39m\u001b[0m\u001b[22m\n\u001b[2m    \u001b[0m\u001b[31m\u001b[1m>\u001b[2m\u001b[39m\u001b[90m  9 | \u001b[39m\u001b[36mconst\u001b[39m alwaysFalse \u001b[33m=\u001b[39m () \u001b[33m=>\u001b[39m {expect(\u001b[35m1\u001b[39m)\u001b[33m.\u001b[39mtoEqual(\u001b[35m0\u001b[39m)}\u001b[33m;\u001b[39m\u001b[0m\u001b[22m\n\u001b[2m    \u001b[0m \u001b[90m    | \u001b[39m                                     \u001b[31m\u001b[1m^\u001b[2m\u001b[39m\u001b[0m\u001b[22m\n\u001b[2m    \u001b[0m \u001b[90m 10 | \u001b[39mdescribe(\u001b[32m'<Pagination />'\u001b[39m\u001b[33m,\u001b[39m () \u001b[33m=>\u001b[39m {\u001b[0m\u001b[22m\n\u001b[2m    \u001b[0m \u001b[90m 11 | \u001b[39m  let \u001b[33mPaginationComponent\u001b[39m \u001b[33m=\u001b[39m \u001b[32m''\u001b[39m\u001b[33m;\u001b[39m\u001b[0m\u001b[22m\n\u001b[2m    \u001b[0m \u001b[90m 12 | \u001b[39m  beforeEach(() \u001b[33m=>\u001b[39m {\u001b[0m\u001b[22m\n\u001b[2m\u001b[22m\n\u001b[2m      \u001b[2mat Object.alwaysFalse (\u001b[2m\u001b[0m\u001b[36mlib/components/molecules/Pagination/tests/Pagination.test.js\u001b[39m\u001b[0m\u001b[2m:9:38)\u001b[2m\u001b[22m\n\n\u001b[1m\u001b[31m  \u001b[1m● \u001b[1m<Pagination /> › goto last page button should be displayed if page size is greater than max-pages\u001b[39m\u001b[22m\n\n    \u001b[2mexpect(\u001b[22m\u001b[31mreceived\u001b[39m\u001b[2m).\u001b[22mtoEqual\u001b[2m(\u001b[22m\u001b[32mexpected\u001b[39m\u001b[2m) // deep equality\u001b[22m\n\n    Expected: \u001b[32m0\u001b[39m\n    Received: \u001b[31m1\u001b[39m\n\u001b[2m\u001b[22m\n\u001b[2m    \u001b[0m \u001b[90m  7 | \u001b[39m\u001b[36mimport\u001b[39m \u001b[33mPagination\u001b[39m\u001b[33m,\u001b[39m { \u001b[33mPaginationVanilla\u001b[39m } from \u001b[32m'../index'\u001b[39m\u001b[33m;\u001b[39m\u001b[0m\u001b[22m\n\u001b[2m    \u001b[0m \u001b[90m  8 | \u001b[39m\u001b[0m\u001b[22m\n\u001b[2m    \u001b[0m\u001b[31m\u001b[1m>\u001b[2m\u001b[39m\u001b[90m  9 | \u001b[39m\u001b[36mconst\u001b[39m alwaysFalse \u001b[33m=\u001b[39m () \u001b[33m=>\u001b[39m {expect(\u001b[35m1\u001b[39m)\u001b[33m.\u001b[39mtoEqual(\u001b[35m0\u001b[39m)}\u001b[33m;\u001b[39m\u001b[0m\u001b[22m\n\u001b[2m    \u001b[0m \u001b[90m    | \u001b[39m                                     \u001b[31m\u001b[1m^\u001b[2m\u001b[39m\u001b[0m\u001b[22m\n\u001b[2m    \u001b[0m \u001b[90m 10 | \u001b[39mdescribe(\u001b[32m'<Pagination />'\u001b[39m\u001b[33m,\u001b[39m () \u001b[33m=>\u001b[39m {\u001b[0m\u001b[22m\n\u001b[2m    \u001b[0m \u001b[90m 11 | \u001b[39m  let \u001b[33mPaginationComponent\u001b[39m \u001b[33m=\u001b[39m \u001b[32m''\u001b[39m\u001b[33m;\u001b[39m\u001b[0m\u001b[22m\n\u001b[2m    \u001b[0m \u001b[90m 12 | \u001b[39m  beforeEach(() \u001b[33m=>\u001b[39m {\u001b[0m\u001b[22m\n\u001b[2m\u001b[22m\n\u001b[2m      \u001b[2mat Object.alwaysFalse (\u001b[2m\u001b[0m\u001b[36mlib/components/molecules/Pagination/tests/Pagination.test.js\u001b[39m\u001b[0m\u001b[2m:9:38)\u001b[2m\u001b[22m\n\n\u001b[1m\u001b[31m  \u001b[1m● \u001b[1m<Pagination /> › should contain a smartPaginate flag\u001b[39m\u001b[22m\n\n    \u001b[2mexpect(\u001b[22m\u001b[31mreceived\u001b[39m\u001b[2m).\u001b[22mtoEqual\u001b[2m(\u001b[22m\u001b[32mexpected\u001b[39m\u001b[2m) // deep equality\u001b[22m\n\n    Expected: \u001b[32m0\u001b[39m\n    Received: \u001b[31m1\u001b[39m\n\u001b[2m\u001b[22m\n\u001b[2m    \u001b[0m \u001b[90m  7 | \u001b[39m\u001b[36mimport\u001b[39m \u001b[33mPagination\u001b[39m\u001b[33m,\u001b[39m { \u001b[33mPaginationVanilla\u001b[39m } from \u001b[32m'../index'\u001b[39m\u001b[33m;\u001b[39m\u001b[0m\u001b[22m\n\u001b[2m    \u001b[0m \u001b[90m  8 | \u001b[39m\u001b[0m\u001b[22m\n\u001b[2m    \u001b[0m\u001b[31m\u001b[1m>\u001b[2m\u001b[39m\u001b[90m  9 | \u001b[39m\u001b[36mconst\u001b[39m alwaysFalse \u001b[33m=\u001b[39m () \u001b[33m=>\u001b[39m {expect(\u001b[35m1\u001b[39m)\u001b[33m.\u001b[39mtoEqual(\u001b[35m0\u001b[39m)}\u001b[33m;\u001b[39m\u001b[0m\u001b[22m\n\u001b[2m    \u001b[0m \u001b[90m    | \u001b[39m                                     \u001b[31m\u001b[1m^\u001b[2m\u001b[39m\u001b[0m\u001b[22m\n\u001b[2m    \u001b[0m \u001b[90m 10 | \u001b[39mdescribe(\u001b[32m'<Pagination />'\u001b[39m\u001b[33m,\u001b[39m () \u001b[33m=>\u001b[39m {\u001b[0m\u001b[22m\n\u001b[2m    \u001b[0m \u001b[90m 11 | \u001b[39m  let \u001b[33mPaginationComponent\u001b[39m \u001b[33m=\u001b[39m \u001b[32m''\u001b[39m\u001b[33m;\u001b[39m\u001b[0m\u001b[22m\n\u001b[2m    \u001b[0m \u001b[90m 12 | \u001b[39m  beforeEach(() \u001b[33m=>\u001b[39m {\u001b[0m\u001b[22m\n\u001b[2m\u001b[22m\n\u001b[2m      \u001b[2mat Object.alwaysFalse (\u001b[2m\u001b[0m\u001b[36mlib/components/molecules/Pagination/tests/Pagination.test.js\u001b[39m\u001b[0m\u001b[2m:9:38)\u001b[2m\u001b[22m\n","name":"C:\\projects\\molecule-pagination-hoc\\lib\\components\\molecules\\Pagination\\tests\\Pagination.test.js","startTime":1577971166422,"status":"failed","summary":""}],"wasInterrupted":false,"coverageMap":{"C:\\projects\\molecule-pagination-hoc\\lib\\components\\molecules\\Pagination\\Pagination.js":{"path":"C:\\projects\\molecule-pagination-hoc\\lib\\components\\molecules\\Pagination\\Pagination.js","statementMap":{"0":{"start":{"line":15,"column":19},"end":{"line":30,"column":1}},"1":{"start":{"line":16,"column":39},"end":{"line":16,"column":50}},"2":{"start":{"line":17,"column":22},"end":{"line":17,"column":39}},"3":{"start":{"line":18,"column":16},"end":{"line":18,"column":45}},"4":{"start":{"line":19,"column":14},"end":{"line":19,"column":31}},"5":{"start":{"line":20,"column":21},"end":{"line":20,"column":43}},"6":{"start":{"line":21,"column":21},"end":{"line":21,"column":56}},"7":{"start":{"line":22,"column":18},"end":{"line":24,"column":86}},"8":{"start":{"line":24,"column":16},"end":{"line":24,"column":85}},"9":{"start":{"line":24,"column":45},"end":{"line":24,"column":64}},"10":{"start":{"line":26,"column":2},"end":{"line":29,"column":9}},"11":{"start":{"line":31,"column":0},"end":{"line":35,"column":2}}},"fnMap":{"0":{"name":"(anonymous_0)","decl":{"start":{"line":15,"column":19},"end":{"line":15,"column":20}},"loc":{"start":{"line":15,"column":86},"end":{"line":30,"column":1}},"line":15},"1":{"name":"(anonymous_1)","decl":{"start":{"line":24,"column":9},"end":{"line":24,"column":10}},"loc":{"start":{"line":24,"column":16},"end":{"line":24,"column":85}},"line":24},"2":{"name":"(anonymous_2)","decl":{"start":{"line":24,"column":41},"end":{"line":24,"column":42}},"loc":{"start":{"line":24,"column":45},"end":{"line":24,"column":64}},"line":24}},"branchMap":{},"s":{"0":1,"1":1,"2":1,"3":1,"4":1,"5":1,"6":1,"7":1,"8":0,"9":0,"10":1,"11":1},"f":{"0":1,"1":0,"2":0},"b":{},"_coverageSchema":"43e27e138ebf9cfc5966b082cf9a028302ed4184","hash":"bc17de87e917ba5d2d1d86520fab1f9ab8e381b8"}}}